  [4;36;1mSQL (2.2ms)[0m   [0;1m SELECT name
 FROM sqlite_master
 WHERE type = 'table' AND NOT name = 'sqlite_sequence'
[0m
  [4;35;1mSQL (0.2ms)[0m   [0mselect sqlite_version(*)[0m
  [4;36;1mSQL (2.3ms)[0m   [0;1mCREATE TABLE "schema_migrations" ("version" varchar(255) NOT NULL) [0m
  [4;35;1mSQL (2.0ms)[0m   [0mCREATE UNIQUE INDEX "unique_schema_migrations" ON "schema_migrations" ("version")[0m
  [4;36;1mSQL (0.2ms)[0m   [0;1m SELECT name
 FROM sqlite_master
 WHERE type = 'table' AND NOT name = 'sqlite_sequence'
[0m
  [4;35;1mSQL (0.1ms)[0m   [0mSELECT version FROM schema_migrations[0m
Migrating to CreateLocations (20090611035716)
  [4;36;1mSQL (2.3ms)[0m   [0;1mCREATE TABLE "locations" ("id" INTEGER PRIMARY KEY AUTOINCREMENT NOT NULL, "setX" varchar(255), "setY" varchar(255), "setPhoto" varchar(255), "comment" varchar(255), "kinds" integer, "userId" varchar(255), "created_at" datetime, "updated_at" datetime) [0m
  [4;35;1mSQL (1.8ms)[0m   [0mINSERT INTO schema_migrations (version) VALUES ('20090611035716')[0m
  [4;36;1mSQL (0.2ms)[0m   [0;1m SELECT name
 FROM sqlite_master
 WHERE type = 'table' AND NOT name = 'sqlite_sequence'
[0m
  [4;35;1mSQL (0.1ms)[0m   [0mSELECT version FROM schema_migrations[0m
  [4;36;1mSQL (0.1ms)[0m   [0;1m SELECT name
 FROM sqlite_master
 WHERE type = 'table' AND NOT name = 'sqlite_sequence'
[0m
  [4;35;1mSQL (0.0ms)[0m   [0mPRAGMA index_list("locations")[0m


Processing LocationsController#index (for 127.0.0.1 at 2009-06-11 13:03:31) [GET]
  [4;36;1mLocation Load (0.6ms)[0m   [0;1mSELECT * FROM "locations" [0m
Rendering template within layouts/locations
Rendering locations/index
Completed in 7ms (View: 3, DB: 1) | 200 OK [http://localhost/locations]


Processing LocationsController#new (for 127.0.0.1 at 2009-06-11 13:03:40) [GET]
Rendering template within layouts/locations
Rendering locations/new
Completed in 11ms (View: 6, DB: 0) | 200 OK [http://localhost/locations/new]


Processing LocationsController#create (for 127.0.0.1 at 2009-06-11 13:15:58) [POST]
  Parameters: {"location"=>{"kinds"=>"1", "comment"=>"神楽坂です。", "setX"=>"35.709235", "setY"=>"139.734249", "setPhoto"=>"http://www.orkut.com/Main#AlbumZoom.aspx?uid=1221984505246422082&aid=1&pid=1244693164092$pid=1244693164092", "userId"=>"1221984505246422082"}, "commit"=>"Create", "authenticity_token"=>"1dafa090f36d0491f185d3523eb16f982c61e778"}
  [4;35;1mLocation Create (0.6ms)[0m   [0mINSERT INTO "locations" ("setX", "comment", "kinds", "setY", "created_at", "updated_at", "setPhoto", "userId") VALUES('35.709235', '神楽坂です。', 1, '139.734249', '2009-06-11 04:15:58', '2009-06-11 04:15:58', 'http://www.orkut.com/Main#AlbumZoom.aspx?uid=1221984505246422082&aid=1&pid=1244693164092$pid=1244693164092', '1221984505246422082')[0m
Redirected to #<Location:0x258a564>
Completed in 10ms (DB: 1) | 302 Found [http://localhost/locations]


Processing LocationsController#show (for 127.0.0.1 at 2009-06-11 13:15:58) [GET]
  Parameters: {"id"=>"1"}
  [4;36;1mLocation Load (0.2ms)[0m   [0;1mSELECT * FROM "locations" WHERE ("locations"."id" = 1) [0m
Rendering template within layouts/locations
Rendering locations/show
Completed in 12ms (View: 5, DB: 0) | 200 OK [http://localhost/locations/1]


Processing LocationsController#show to json (for 127.0.0.1 at 2009-06-11 13:16:16) [GET]
  Parameters: {"id"=>"1"}
  [4;35;1mLocation Load (0.2ms)[0m   [0mSELECT * FROM "locations" WHERE ("locations"."id" = 1) [0m
Completed in 5ms (View: 0, DB: 0) | 406 Not Acceptable [http://localhost/locations/1.json]


Processing LocationsController#index (for 127.0.0.1 at 2009-06-11 13:18:31) [GET]
  [4;36;1mLocation Load (0.6ms)[0m   [0;1mSELECT * FROM "locations" [0m
Completed in 95ms (View: 0, DB: 1) | 200 OK [http://localhost/locations]
