  [4;36;1mSQL (0.8ms)[0m   [0;1m SELECT name
 FROM sqlite_master
 WHERE type = 'table' AND NOT name = 'sqlite_sequence'
[0m
  [4;35;1mSQL (0.3ms)[0m   [0mselect sqlite_version(*)[0m
  [4;36;1mSQL (2.6ms)[0m   [0;1mCREATE TABLE "schema_migrations" ("version" varchar(255) NOT NULL) [0m
  [4;35;1mSQL (2.3ms)[0m   [0mCREATE UNIQUE INDEX "unique_schema_migrations" ON "schema_migrations" ("version")[0m
  [4;36;1mSQL (0.2ms)[0m   [0;1m SELECT name
 FROM sqlite_master
 WHERE type = 'table' AND NOT name = 'sqlite_sequence'
[0m
  [4;35;1mSQL (0.1ms)[0m   [0mSELECT version FROM schema_migrations[0m
Migrating to CreateAccounts (20090317032633)
  [4;36;1mSQL (0.3ms)[0m   [0;1m SELECT name
 FROM sqlite_master
 WHERE type = 'table' AND NOT name = 'sqlite_sequence'
[0m
  [4;35;1mSQL (2.7ms)[0m   [0mCREATE TABLE "accounts" ("id" INTEGER PRIMARY KEY AUTOINCREMENT NOT NULL, "login" varchar(40), "name" varchar(100) DEFAULT '', "email" varchar(100), "crypted_password" varchar(40), "salt" varchar(40), "created_at" datetime, "updated_at" datetime, "remember_token" varchar(40), "remember_token_expires_at" datetime, "activation_code" varchar(40), "activated_at" datetime, "state" varchar(255) DEFAULT 'passive', "deleted_at" datetime) [0m
  [4;36;1mSQL (2.6ms)[0m   [0;1mCREATE UNIQUE INDEX "index_accounts_on_login" ON "accounts" ("login")[0m
  [4;35;1mSQL (2.4ms)[0m   [0mINSERT INTO schema_migrations (version) VALUES ('20090317032633')[0m
Migrating to CreatePasswords (20090317042321)
  [4;36;1mSQL (2.9ms)[0m   [0;1mCREATE TABLE "passwords" ("id" INTEGER PRIMARY KEY AUTOINCREMENT NOT NULL, "account_id" integer, "reset_code" varchar(255), "expiration_date" datetime, "created_at" datetime, "updated_at" datetime) [0m
  [4;35;1mSQL (2.3ms)[0m   [0mINSERT INTO schema_migrations (version) VALUES ('20090317042321')[0m
  [4;36;1mSQL (0.3ms)[0m   [0;1m SELECT name
 FROM sqlite_master
 WHERE type = 'table' AND NOT name = 'sqlite_sequence'
[0m
  [4;35;1mSQL (0.2ms)[0m   [0mSELECT version FROM schema_migrations[0m
  [4;36;1mSQL (0.2ms)[0m   [0;1m SELECT name
 FROM sqlite_master
 WHERE type = 'table' AND NOT name = 'sqlite_sequence'
[0m
  [4;35;1mSQL (0.1ms)[0m   [0mPRAGMA index_list("accounts")[0m
  [4;36;1mSQL (0.1ms)[0m   [0;1mPRAGMA index_info('index_accounts_on_login')[0m
  [4;35;1mSQL (0.1ms)[0m   [0mPRAGMA index_list("passwords")[0m


Processing AccountsController#new (for 127.0.0.1 at 2009-03-17 14:23:07) [GET]
Rendering accounts/new
Completed in 8ms (View: 4, DB: 0) | 200 OK [http://localhost/signup]


Processing AccountsController#create (for 127.0.0.1 at 2009-03-17 14:23:24) [POST]
  Parameters: {"commit"=>"Sign up", "authenticity_token"=>"4ad65dc2a783a2e538d32b35aff604cadcb77cb1", "account"=>{"password_confirmation"=>"wadawada", "password"=>"wadawada", "login"=>"wada", "email"=>"wada@jugem.co.jp"}}
Cookie set: auth_token=; path=/; expires=Thu, 01 Jan 1970 00:00:00 GMT
  [4;36;1mAccount Exists (0.1ms)[0m   [0;1mSELECT "accounts".id FROM "accounts" WHERE ("accounts"."login" = 'wada') LIMIT 1[0m
  [4;35;1mAccount Exists (0.1ms)[0m   [0mSELECT "accounts".id FROM "accounts" WHERE ("accounts"."email" = 'wada@jugem.co.jp') LIMIT 1[0m
  [4;36;1mCACHE (0.0ms)[0m   [0;1mSELECT "accounts".id FROM "accounts" WHERE ("accounts"."login" = 'wada') LIMIT 1[0m
  [4;35;1mCACHE (0.0ms)[0m   [0mSELECT "accounts".id FROM "accounts" WHERE ("accounts"."email" = 'wada@jugem.co.jp') LIMIT 1[0m
  [4;36;1mAccount Create (0.6ms)[0m   [0;1mINSERT INTO "accounts" ("name", "salt", "created_at", "activated_at", "crypted_password", "remember_token_expires_at", "updated_at", "deleted_at", "activation_code", "remember_token", "login", "email", "state") VALUES('', '111f1f8373db083092c8d92a71cc07974bca6759', '2009-03-17 05:23:24', NULL, '99b4b34acbd49db88fa851e70cc5bfa94112ff67', NULL, '2009-03-17 05:23:24', NULL, '8d8a73d1faadd003b799e20924149d70ab0730b2', NULL, 'wada', 'wada@jugem.co.jp', 'pending')[0m
Sent mail to wada@jugem.co.jp

Date: Tue, 17 Mar 2009 14:23:24 +0900
From: ADMINEMAIL
To: wada@jugem.co.jp
Subject: [YOURSITE] Please activate your new account
Mime-Version: 1.0
Content-Type: text/plain; charset=utf-8

Your account has been created.

  Username: wada
  Password: wadawada

Visit this url to activate your account:

  http://localhost:3006//activate/8d8a73d1faadd003b799e20924149d70ab0730b2
  [4;35;1mAccount Exists (0.3ms)[0m   [0mSELECT "accounts".id FROM "accounts" WHERE ("accounts"."login" = 'wada' AND "accounts".id <> 1) LIMIT 1[0m
  [4;36;1mAccount Exists (0.2ms)[0m   [0;1mSELECT "accounts".id FROM "accounts" WHERE ("accounts"."email" = 'wada@jugem.co.jp' AND "accounts".id <> 1) LIMIT 1[0m
Redirected to /
Completed in 256ms (DB: 1) | 302 Found [http://localhost/accounts]


Processing AccountsController#index (for 127.0.0.1 at 2009-03-17 14:23:35) [GET]
Redirected to /session/new
Filter chain halted as [:login_required] rendered_or_redirected.
Completed in 1ms (DB: 0) | 302 Found [http://localhost/accounts/]


Processing SessionsController#new (for 127.0.0.1 at 2009-03-17 14:23:35) [GET]
Rendering sessions/new
Completed in 3ms (View: 2, DB: 0) | 200 OK [http://localhost/session/new]


Processing SessionsController#create (for 127.0.0.1 at 2009-03-17 14:23:49) [POST]
  Parameters: {"commit"=>"Log in", "authenticity_token"=>"4ad65dc2a783a2e538d32b35aff604cadcb77cb1", "login"=>"wada", "password"=>"wadawada"}
Cookie set: auth_token=; path=/; expires=Thu, 01 Jan 1970 00:00:00 GMT
  [4;35;1mAccount Load (0.4ms)[0m   [0mSELECT * FROM "accounts" WHERE ("accounts"."login" = 'wada') AND (accounts.state = 'active') LIMIT 1[0m
Failed login for 'wada' from 127.0.0.1 at Tue Mar 17 05:23:49 UTC 2009
Rendering sessions/new
Completed in 4ms (View: 2, DB: 0) | 200 OK [http://localhost/session]


Processing ApplicationController#index (for 127.0.0.1 at 2009-03-17 14:24:34) [GET]


ActionController::RoutingError (No route matches "/activate" with {:method=>:get}):
    /opt/local/lib/ruby/gems/1.8/gems/actionpack-2.2.2/lib/action_controller/routing/recognition_optimisation.rb:66:in `recognize_path'
    /opt/local/lib/ruby/gems/1.8/gems/actionpack-2.2.2/lib/action_controller/routing/route_set.rb:386:in `recognize'
    /opt/local/lib/ruby/gems/1.8/gems/actionpack-2.2.2/lib/action_controller/dispatcher.rb:182:in `handle_request'
    /opt/local/lib/ruby/gems/1.8/gems/actionpack-2.2.2/lib/action_controller/dispatcher.rb:110:in `dispatch_unlocked'
    /opt/local/lib/ruby/gems/1.8/gems/actionpack-2.2.2/lib/action_controller/dispatcher.rb:123:in `dispatch'
    /opt/local/lib/ruby/gems/1.8/gems/actionpack-2.2.2/lib/action_controller/dispatcher.rb:122:in `synchronize'
    /opt/local/lib/ruby/gems/1.8/gems/actionpack-2.2.2/lib/action_controller/dispatcher.rb:122:in `dispatch'
    /opt/local/lib/ruby/gems/1.8/gems/actionpack-2.2.2/lib/action_controller/dispatcher.rb:132:in `dispatch_cgi'
    /opt/local/lib/ruby/gems/1.8/gems/actionpack-2.2.2/lib/action_controller/dispatcher.rb:39:in `dispatch'
    /opt/local/lib/ruby/gems/1.8/gems/mongrel-1.1.5/bin/../lib/mongrel/rails.rb:76:in `process'
    /opt/local/lib/ruby/gems/1.8/gems/mongrel-1.1.5/bin/../lib/mongrel/rails.rb:74:in `synchronize'
    /opt/local/lib/ruby/gems/1.8/gems/mongrel-1.1.5/bin/../lib/mongrel/rails.rb:74:in `process'
    /opt/local/lib/ruby/gems/1.8/gems/mongrel-1.1.5/lib/mongrel.rb:159:in `process_client'
    /opt/local/lib/ruby/gems/1.8/gems/mongrel-1.1.5/lib/mongrel.rb:158:in `each'
    /opt/local/lib/ruby/gems/1.8/gems/mongrel-1.1.5/lib/mongrel.rb:158:in `process_client'
    /opt/local/lib/ruby/gems/1.8/gems/mongrel-1.1.5/lib/mongrel.rb:285:in `run'
    /opt/local/lib/ruby/gems/1.8/gems/mongrel-1.1.5/lib/mongrel.rb:285:in `initialize'
    /opt/local/lib/ruby/gems/1.8/gems/mongrel-1.1.5/lib/mongrel.rb:285:in `new'
    /opt/local/lib/ruby/gems/1.8/gems/mongrel-1.1.5/lib/mongrel.rb:285:in `run'
    /opt/local/lib/ruby/gems/1.8/gems/mongrel-1.1.5/lib/mongrel.rb:268:in `initialize'
    /opt/local/lib/ruby/gems/1.8/gems/mongrel-1.1.5/lib/mongrel.rb:268:in `new'
    /opt/local/lib/ruby/gems/1.8/gems/mongrel-1.1.5/lib/mongrel.rb:268:in `run'
    /opt/local/lib/ruby/gems/1.8/gems/mongrel-1.1.5/lib/mongrel/configurator.rb:282:in `run'
    /opt/local/lib/ruby/gems/1.8/gems/mongrel-1.1.5/lib/mongrel/configurator.rb:281:in `each'
    /opt/local/lib/ruby/gems/1.8/gems/mongrel-1.1.5/lib/mongrel/configurator.rb:281:in `run'
    /opt/local/lib/ruby/gems/1.8/gems/mongrel-1.1.5/bin/mongrel_rails:128:in `run'
    /opt/local/lib/ruby/gems/1.8/gems/mongrel-1.1.5/lib/mongrel/command.rb:212:in `run'
    /opt/local/lib/ruby/gems/1.8/gems/mongrel-1.1.5/bin/mongrel_rails:281
    /opt/local/lib/ruby/gems/1.8/gems/activesupport-2.2.2/lib/active_support/dependencies.rb:142:in `load_without_new_constant_marking'
    /opt/local/lib/ruby/gems/1.8/gems/activesupport-2.2.2/lib/active_support/dependencies.rb:142:in `load'
    /opt/local/lib/ruby/gems/1.8/gems/activesupport-2.2.2/lib/active_support/dependencies.rb:521:in `new_constants_in'
    /opt/local/lib/ruby/gems/1.8/gems/activesupport-2.2.2/lib/active_support/dependencies.rb:142:in `load'
    /opt/local/lib/ruby/gems/1.8/gems/rails-2.2.2/lib/commands/servers/mongrel.rb:64
    /opt/local/lib/ruby/vendor_ruby/1.8/rubygems/custom_require.rb:31:in `gem_original_require'
    /opt/local/lib/ruby/vendor_ruby/1.8/rubygems/custom_require.rb:31:in `require'
    /opt/local/lib/ruby/gems/1.8/gems/activesupport-2.2.2/lib/active_support/dependencies.rb:153:in `require'
    /opt/local/lib/ruby/gems/1.8/gems/activesupport-2.2.2/lib/active_support/dependencies.rb:521:in `new_constants_in'
    /opt/local/lib/ruby/gems/1.8/gems/activesupport-2.2.2/lib/active_support/dependencies.rb:153:in `require'
    /opt/local/lib/ruby/gems/1.8/gems/rails-2.2.2/lib/commands/server.rb:49
    /opt/local/lib/ruby/vendor_ruby/1.8/rubygems/custom_require.rb:31:in `gem_original_require'
    /opt/local/lib/ruby/vendor_ruby/1.8/rubygems/custom_require.rb:31:in `require'
    ./script/server:3
    -e:2:in `load'
    -e:2

Rendering /opt/local/lib/ruby/gems/1.8/gems/actionpack-2.2.2/lib/action_controller/templates/rescues/layout.erb (not_found)


Processing ApplicationController#index (for 127.0.0.1 at 2009-03-17 14:26:00) [GET]


ActionController::RoutingError (No route matches "//activate/8d8a73d1faadd003b799e20924149d70ab0730b2" with {:method=>:get}):
    /opt/local/lib/ruby/gems/1.8/gems/actionpack-2.2.2/lib/action_controller/routing/recognition_optimisation.rb:66:in `recognize_path'
    /opt/local/lib/ruby/gems/1.8/gems/actionpack-2.2.2/lib/action_controller/routing/route_set.rb:386:in `recognize'
    /opt/local/lib/ruby/gems/1.8/gems/actionpack-2.2.2/lib/action_controller/dispatcher.rb:182:in `handle_request'
    /opt/local/lib/ruby/gems/1.8/gems/actionpack-2.2.2/lib/action_controller/dispatcher.rb:110:in `dispatch_unlocked'
    /opt/local/lib/ruby/gems/1.8/gems/actionpack-2.2.2/lib/action_controller/dispatcher.rb:123:in `dispatch'
    /opt/local/lib/ruby/gems/1.8/gems/actionpack-2.2.2/lib/action_controller/dispatcher.rb:122:in `synchronize'
    /opt/local/lib/ruby/gems/1.8/gems/actionpack-2.2.2/lib/action_controller/dispatcher.rb:122:in `dispatch'
    /opt/local/lib/ruby/gems/1.8/gems/actionpack-2.2.2/lib/action_controller/dispatcher.rb:132:in `dispatch_cgi'
    /opt/local/lib/ruby/gems/1.8/gems/actionpack-2.2.2/lib/action_controller/dispatcher.rb:39:in `dispatch'
    /opt/local/lib/ruby/gems/1.8/gems/mongrel-1.1.5/bin/../lib/mongrel/rails.rb:76:in `process'
    /opt/local/lib/ruby/gems/1.8/gems/mongrel-1.1.5/bin/../lib/mongrel/rails.rb:74:in `synchronize'
    /opt/local/lib/ruby/gems/1.8/gems/mongrel-1.1.5/bin/../lib/mongrel/rails.rb:74:in `process'
    /opt/local/lib/ruby/gems/1.8/gems/mongrel-1.1.5/lib/mongrel.rb:159:in `process_client'
    /opt/local/lib/ruby/gems/1.8/gems/mongrel-1.1.5/lib/mongrel.rb:158:in `each'
    /opt/local/lib/ruby/gems/1.8/gems/mongrel-1.1.5/lib/mongrel.rb:158:in `process_client'
    /opt/local/lib/ruby/gems/1.8/gems/mongrel-1.1.5/lib/mongrel.rb:285:in `run'
    /opt/local/lib/ruby/gems/1.8/gems/mongrel-1.1.5/lib/mongrel.rb:285:in `initialize'
    /opt/local/lib/ruby/gems/1.8/gems/mongrel-1.1.5/lib/mongrel.rb:285:in `new'
    /opt/local/lib/ruby/gems/1.8/gems/mongrel-1.1.5/lib/mongrel.rb:285:in `run'
    /opt/local/lib/ruby/gems/1.8/gems/mongrel-1.1.5/lib/mongrel.rb:268:in `initialize'
    /opt/local/lib/ruby/gems/1.8/gems/mongrel-1.1.5/lib/mongrel.rb:268:in `new'
    /opt/local/lib/ruby/gems/1.8/gems/mongrel-1.1.5/lib/mongrel.rb:268:in `run'
    /opt/local/lib/ruby/gems/1.8/gems/mongrel-1.1.5/lib/mongrel/configurator.rb:282:in `run'
    /opt/local/lib/ruby/gems/1.8/gems/mongrel-1.1.5/lib/mongrel/configurator.rb:281:in `each'
    /opt/local/lib/ruby/gems/1.8/gems/mongrel-1.1.5/lib/mongrel/configurator.rb:281:in `run'
    /opt/local/lib/ruby/gems/1.8/gems/mongrel-1.1.5/bin/mongrel_rails:128:in `run'
    /opt/local/lib/ruby/gems/1.8/gems/mongrel-1.1.5/lib/mongrel/command.rb:212:in `run'
    /opt/local/lib/ruby/gems/1.8/gems/mongrel-1.1.5/bin/mongrel_rails:281
    /opt/local/lib/ruby/gems/1.8/gems/activesupport-2.2.2/lib/active_support/dependencies.rb:142:in `load_without_new_constant_marking'
    /opt/local/lib/ruby/gems/1.8/gems/activesupport-2.2.2/lib/active_support/dependencies.rb:142:in `load'
    /opt/local/lib/ruby/gems/1.8/gems/activesupport-2.2.2/lib/active_support/dependencies.rb:521:in `new_constants_in'
    /opt/local/lib/ruby/gems/1.8/gems/activesupport-2.2.2/lib/active_support/dependencies.rb:142:in `load'
    /opt/local/lib/ruby/gems/1.8/gems/rails-2.2.2/lib/commands/servers/mongrel.rb:64
    /opt/local/lib/ruby/vendor_ruby/1.8/rubygems/custom_require.rb:31:in `gem_original_require'
    /opt/local/lib/ruby/vendor_ruby/1.8/rubygems/custom_require.rb:31:in `require'
    /opt/local/lib/ruby/gems/1.8/gems/activesupport-2.2.2/lib/active_support/dependencies.rb:153:in `require'
    /opt/local/lib/ruby/gems/1.8/gems/activesupport-2.2.2/lib/active_support/dependencies.rb:521:in `new_constants_in'
    /opt/local/lib/ruby/gems/1.8/gems/activesupport-2.2.2/lib/active_support/dependencies.rb:153:in `require'
    /opt/local/lib/ruby/gems/1.8/gems/rails-2.2.2/lib/commands/server.rb:49
    /opt/local/lib/ruby/vendor_ruby/1.8/rubygems/custom_require.rb:31:in `gem_original_require'
    /opt/local/lib/ruby/vendor_ruby/1.8/rubygems/custom_require.rb:31:in `require'
    ./script/server:3
    -e:2:in `load'
    -e:2

Rendering /opt/local/lib/ruby/gems/1.8/gems/actionpack-2.2.2/lib/action_controller/templates/rescues/layout.erb (not_found)


Processing ApplicationController#activate (for 127.0.0.1 at 2009-03-17 14:26:12) [GET]
  Parameters: {"activation_code"=>"8d8a73d1faadd003b799e20924149d70ab0730b2"}


NameError (uninitialized constant AccountController):
    /opt/local/lib/ruby/gems/1.8/gems/activesupport-2.2.2/lib/active_support/dependencies.rb:445:in `load_missing_constant'
    /opt/local/lib/ruby/gems/1.8/gems/activesupport-2.2.2/lib/active_support/dependencies.rb:77:in `const_missing'
    /opt/local/lib/ruby/gems/1.8/gems/activesupport-2.2.2/lib/active_support/dependencies.rb:89:in `const_missing'
    /opt/local/lib/ruby/gems/1.8/gems/activesupport-2.2.2/lib/active_support/inflector.rb:352:in `constantize'
    /opt/local/lib/ruby/gems/1.8/gems/activesupport-2.2.2/lib/active_support/inflector.rb:351:in `each'
    /opt/local/lib/ruby/gems/1.8/gems/activesupport-2.2.2/lib/active_support/inflector.rb:351:in `constantize'
    /opt/local/lib/ruby/gems/1.8/gems/activesupport-2.2.2/lib/active_support/core_ext/string/inflections.rb:162:in `constantize'
    /opt/local/lib/ruby/gems/1.8/gems/actionpack-2.2.2/lib/action_controller/routing/route_set.rb:388:in `recognize'
    /opt/local/lib/ruby/gems/1.8/gems/actionpack-2.2.2/lib/action_controller/dispatcher.rb:182:in `handle_request'
    /opt/local/lib/ruby/gems/1.8/gems/actionpack-2.2.2/lib/action_controller/dispatcher.rb:110:in `dispatch_unlocked'
    /opt/local/lib/ruby/gems/1.8/gems/actionpack-2.2.2/lib/action_controller/dispatcher.rb:123:in `dispatch'
    /opt/local/lib/ruby/gems/1.8/gems/actionpack-2.2.2/lib/action_controller/dispatcher.rb:122:in `synchronize'
    /opt/local/lib/ruby/gems/1.8/gems/actionpack-2.2.2/lib/action_controller/dispatcher.rb:122:in `dispatch'
    /opt/local/lib/ruby/gems/1.8/gems/actionpack-2.2.2/lib/action_controller/dispatcher.rb:132:in `dispatch_cgi'
    /opt/local/lib/ruby/gems/1.8/gems/actionpack-2.2.2/lib/action_controller/dispatcher.rb:39:in `dispatch'
    /opt/local/lib/ruby/gems/1.8/gems/mongrel-1.1.5/bin/../lib/mongrel/rails.rb:76:in `process'
    /opt/local/lib/ruby/gems/1.8/gems/mongrel-1.1.5/bin/../lib/mongrel/rails.rb:74:in `synchronize'
    /opt/local/lib/ruby/gems/1.8/gems/mongrel-1.1.5/bin/../lib/mongrel/rails.rb:74:in `process'
    /opt/local/lib/ruby/gems/1.8/gems/mongrel-1.1.5/lib/mongrel.rb:159:in `process_client'
    /opt/local/lib/ruby/gems/1.8/gems/mongrel-1.1.5/lib/mongrel.rb:158:in `each'
    /opt/local/lib/ruby/gems/1.8/gems/mongrel-1.1.5/lib/mongrel.rb:158:in `process_client'
    /opt/local/lib/ruby/gems/1.8/gems/mongrel-1.1.5/lib/mongrel.rb:285:in `run'
    /opt/local/lib/ruby/gems/1.8/gems/mongrel-1.1.5/lib/mongrel.rb:285:in `initialize'
    /opt/local/lib/ruby/gems/1.8/gems/mongrel-1.1.5/lib/mongrel.rb:285:in `new'
    /opt/local/lib/ruby/gems/1.8/gems/mongrel-1.1.5/lib/mongrel.rb:285:in `run'
    /opt/local/lib/ruby/gems/1.8/gems/mongrel-1.1.5/lib/mongrel.rb:268:in `initialize'
    /opt/local/lib/ruby/gems/1.8/gems/mongrel-1.1.5/lib/mongrel.rb:268:in `new'
    /opt/local/lib/ruby/gems/1.8/gems/mongrel-1.1.5/lib/mongrel.rb:268:in `run'
    /opt/local/lib/ruby/gems/1.8/gems/mongrel-1.1.5/lib/mongrel/configurator.rb:282:in `run'
    /opt/local/lib/ruby/gems/1.8/gems/mongrel-1.1.5/lib/mongrel/configurator.rb:281:in `each'
    /opt/local/lib/ruby/gems/1.8/gems/mongrel-1.1.5/lib/mongrel/configurator.rb:281:in `run'
    /opt/local/lib/ruby/gems/1.8/gems/mongrel-1.1.5/bin/mongrel_rails:128:in `run'
    /opt/local/lib/ruby/gems/1.8/gems/mongrel-1.1.5/lib/mongrel/command.rb:212:in `run'
    /opt/local/lib/ruby/gems/1.8/gems/mongrel-1.1.5/bin/mongrel_rails:281
    /opt/local/lib/ruby/gems/1.8/gems/activesupport-2.2.2/lib/active_support/dependencies.rb:142:in `load_without_new_constant_marking'
    /opt/local/lib/ruby/gems/1.8/gems/activesupport-2.2.2/lib/active_support/dependencies.rb:142:in `load'
    /opt/local/lib/ruby/gems/1.8/gems/activesupport-2.2.2/lib/active_support/dependencies.rb:521:in `new_constants_in'
    /opt/local/lib/ruby/gems/1.8/gems/activesupport-2.2.2/lib/active_support/dependencies.rb:142:in `load'
    /opt/local/lib/ruby/gems/1.8/gems/rails-2.2.2/lib/commands/servers/mongrel.rb:64
    /opt/local/lib/ruby/vendor_ruby/1.8/rubygems/custom_require.rb:31:in `gem_original_require'
    /opt/local/lib/ruby/vendor_ruby/1.8/rubygems/custom_require.rb:31:in `require'
    /opt/local/lib/ruby/gems/1.8/gems/activesupport-2.2.2/lib/active_support/dependencies.rb:153:in `require'
    /opt/local/lib/ruby/gems/1.8/gems/activesupport-2.2.2/lib/active_support/dependencies.rb:521:in `new_constants_in'
    /opt/local/lib/ruby/gems/1.8/gems/activesupport-2.2.2/lib/active_support/dependencies.rb:153:in `require'
    /opt/local/lib/ruby/gems/1.8/gems/rails-2.2.2/lib/commands/server.rb:49
    /opt/local/lib/ruby/vendor_ruby/1.8/rubygems/custom_require.rb:31:in `gem_original_require'
    /opt/local/lib/ruby/vendor_ruby/1.8/rubygems/custom_require.rb:31:in `require'
    ./script/server:3
    -e:2:in `load'
    -e:2

Rendered /opt/local/lib/ruby/gems/1.8/gems/actionpack-2.2.2/lib/action_controller/templates/rescues/_trace (26.5ms)
Rendered /opt/local/lib/ruby/gems/1.8/gems/actionpack-2.2.2/lib/action_controller/templates/rescues/_request_and_response (0.9ms)
Rendering /opt/local/lib/ruby/gems/1.8/gems/actionpack-2.2.2/lib/action_controller/templates/rescues/layout.erb (internal_server_error)


Processing AccountsController#activate (for 127.0.0.1 at 2009-03-17 14:27:59) [GET]
  Parameters: {"activation_code"=>"8d8a73d1faadd003b799e20924149d70ab0730b2"}
Redirected to /session/new
Filter chain halted as [:login_required] rendered_or_redirected.
Completed in 1ms (DB: 0) | 302 Found [http://localhost/activate/8d8a73d1faadd003b799e20924149d70ab0730b2]


Processing SessionsController#new (for 127.0.0.1 at 2009-03-17 14:27:59) [GET]
Rendering sessions/new
Completed in 3ms (View: 2, DB: 0) | 200 OK [http://localhost/session/new]


Processing SessionsController#create (for 127.0.0.1 at 2009-03-17 14:28:07) [POST]
  Parameters: {"commit"=>"Log in", "authenticity_token"=>"4ad65dc2a783a2e538d32b35aff604cadcb77cb1", "login"=>"wada", "password"=>"wadawada"}
Cookie set: auth_token=; path=/; expires=Thu, 01 Jan 1970 00:00:00 GMT
  [4;36;1mAccount Load (0.5ms)[0m   [0;1mSELECT * FROM "accounts" WHERE ("accounts"."login" = 'wada') AND (accounts.state = 'active') LIMIT 1[0m
Failed login for 'wada' from 127.0.0.1 at Tue Mar 17 05:28:07 UTC 2009
Rendering sessions/new
Completed in 5ms (View: 2, DB: 0) | 200 OK [http://localhost/session]


Processing AccountsController#activate (for 127.0.0.1 at 2009-03-17 14:29:27) [GET]
  Parameters: {"activation_code"=>"8d8a73d1faadd003b799e20924149d70ab0730b2"}
Redirected to /session/new
Filter chain halted as [:login_required] rendered_or_redirected.
Completed in 1ms (DB: 0) | 302 Found [http://localhost/activate/8d8a73d1faadd003b799e20924149d70ab0730b2]


Processing SessionsController#new (for 127.0.0.1 at 2009-03-17 14:29:27) [GET]
Rendering sessions/new
Completed in 3ms (View: 2, DB: 0) | 200 OK [http://localhost/session/new]


Processing AccountsController#activate (for 127.0.0.1 at 2009-03-17 14:30:44) [GET]
  Parameters: {"activation_code"=>"8d8a73d1faadd003b799e20924149d70ab0730b2"}
Redirected to /session/new
Filter chain halted as [:login_required] rendered_or_redirected.
Completed in 1ms (DB: 0) | 302 Found [http://localhost/activate/8d8a73d1faadd003b799e20924149d70ab0730b2]


Processing SessionsController#new (for 127.0.0.1 at 2009-03-17 14:30:44) [GET]
Rendering sessions/new
Completed in 5ms (View: 3, DB: 0) | 200 OK [http://localhost/session/new]


Processing AccountsController#activate (for 127.0.0.1 at 2009-03-17 14:34:00) [GET]
  Parameters: {"activation_code"=>"8d8a73d1faadd003b799e20924149d70ab0730b2"}
Cookie set: auth_token=; path=/; expires=Thu, 01 Jan 1970 00:00:00 GMT
  [4;36;1mAccount Load (0.6ms)[0m   [0;1mSELECT * FROM "accounts" WHERE ("accounts"."activation_code" = '8d8a73d1faadd003b799e20924149d70ab0730b2') LIMIT 1[0m
  [4;35;1mAccount Exists (0.3ms)[0m   [0mSELECT "accounts".id FROM "accounts" WHERE ("accounts"."login" = 'wada' AND "accounts".id <> 1) LIMIT 1[0m
  [4;36;1mAccount Exists (0.1ms)[0m   [0;1mSELECT "accounts".id FROM "accounts" WHERE ("accounts"."email" = 'wada@jugem.co.jp' AND "accounts".id <> 1) LIMIT 1[0m
  [4;35;1mAccount Update (0.5ms)[0m   [0mUPDATE "accounts" SET "updated_at" = '2009-03-17 05:34:57', "activated_at" = '2009-03-17 05:34:57', "activation_code" = NULL, "state" = 'active' WHERE "id" = 1[0m
Sent mail to wada@jugem.co.jp

Date: Tue, 17 Mar 2009 14:34:57 +0900
From: ADMINEMAIL
To: wada@jugem.co.jp
Subject: [YOURSITE] Your account has been activated!
Mime-Version: 1.0
Content-Type: text/plain; charset=utf-8

wada, your account has been activated.  Welcome aboard!

  http://localhost:3006/
Redirected to /login
Completed in 68756ms (DB: 2) | 302 Found [http://localhost/activate/8d8a73d1faadd003b799e20924149d70ab0730b2]


Processing SessionsController#new (for 127.0.0.1 at 2009-03-17 14:35:09) [GET]
Rendering sessions/new
Completed in 8ms (View: 4, DB: 0) | 200 OK [http://localhost/login]


Processing SessionsController#create (for 127.0.0.1 at 2009-03-17 14:35:16) [POST]
  Parameters: {"commit"=>"Log in", "authenticity_token"=>"4ad65dc2a783a2e538d32b35aff604cadcb77cb1", "login"=>"wada", "password"=>"wadawada"}
Cookie set: auth_token=; path=/; expires=Thu, 01 Jan 1970 00:00:00 GMT
  [4;36;1mAccount Load (1.2ms)[0m   [0;1mSELECT * FROM "accounts" WHERE ("accounts"."login" = 'wada') AND (accounts.state = 'active') LIMIT 1[0m
Cookie set: auth_token=; path=/
Redirected to /activate/8d8a73d1faadd003b799e20924149d70ab0730b2
Completed in 42390ms (DB: 1) | 302 Found [http://localhost/session]


Processing AccountsController#activate (for 127.0.0.1 at 2009-03-17 14:36:04) [GET]
  Parameters: {"activation_code"=>"8d8a73d1faadd003b799e20924149d70ab0730b2"}
Cookie set: auth_token=; path=/; expires=Thu, 01 Jan 1970 00:00:00 GMT
  [4;35;1mAccount Load (0.2ms)[0m   [0mSELECT * FROM "accounts" WHERE ("accounts"."activation_code" = '8d8a73d1faadd003b799e20924149d70ab0730b2') LIMIT 1[0m
Redirected to /
Completed in 15041ms (DB: 0) | 302 Found [http://localhost/activate/8d8a73d1faadd003b799e20924149d70ab0730b2]


Processing AccountsController#index (for 127.0.0.1 at 2009-03-17 14:37:44) [GET]
Redirected to /session/new
Filter chain halted as [:login_required] rendered_or_redirected.
Completed in 2ms (DB: 0) | 302 Found [http://localhost/accounts/]


Processing SessionsController#new (for 127.0.0.1 at 2009-03-17 14:37:44) [GET]
Rendering sessions/new
Completed in 5ms (View: 3, DB: 0) | 200 OK [http://localhost/session/new]


Processing AccountsController#index (for 127.0.0.1 at 2009-03-17 14:38:45) [GET]
  [4;36;1mAccount Load (0.8ms)[0m   [0;1mSELECT * FROM "accounts" [0m
Rendering accounts/index


ActionView::TemplateError (undefined method `account' for #<Account:0x26b54ac>) on line #12 of app/views/accounts/index.html.erb:
9: 
10: <% for account in @accounts %>
11:   <tr>
12:     <td><%=h account.account %></td>
13:     <td><%=h account.password %></td>
14:     <td><%=h account.mail %></td>
15:     <td><%= link_to 'Show', account %></td>

    /opt/local/lib/ruby/gems/1.8/gems/activerecord-2.2.2/lib/active_record/attribute_methods.rb:260:in `method_missing'
    app/views/accounts/index.html.erb:12
    app/views/accounts/index.html.erb:10:in `each'
    app/views/accounts/index.html.erb:10
    /opt/local/lib/ruby/gems/1.8/gems/actionpack-2.2.2/lib/action_view/renderable.rb:39:in `send'
    /opt/local/lib/ruby/gems/1.8/gems/actionpack-2.2.2/lib/action_view/renderable.rb:39:in `render'
    /opt/local/lib/ruby/gems/1.8/gems/actionpack-2.2.2/lib/action_view/template.rb:73:in `render_template'
    /opt/local/lib/ruby/gems/1.8/gems/actionpack-2.2.2/lib/action_view/base.rb:256:in `render'
    /opt/local/lib/ruby/gems/1.8/gems/actionpack-2.2.2/lib/action_controller/base.rb:1174:in `render_for_file'
    /opt/local/lib/ruby/gems/1.8/gems/actionpack-2.2.2/lib/action_controller/base.rb:905:in `render_without_benchmark'
    /opt/local/lib/ruby/gems/1.8/gems/actionpack-2.2.2/lib/action_controller/benchmarking.rb:51:in `render'
    /opt/local/lib/ruby/gems/1.8/gems/activesupport-2.2.2/lib/active_support/core_ext/benchmark.rb:8:in `realtime'
    /opt/local/lib/ruby/gems/1.8/gems/actionpack-2.2.2/lib/action_controller/benchmarking.rb:51:in `render'
    /opt/local/lib/ruby/gems/1.8/gems/actionpack-2.2.2/lib/action_controller/mime_responds.rb:135:in `send'
    /opt/local/lib/ruby/gems/1.8/gems/actionpack-2.2.2/lib/action_controller/mime_responds.rb:135:in `custom'
    /opt/local/lib/ruby/gems/1.8/gems/actionpack-2.2.2/lib/action_controller/mime_responds.rb:164:in `call'
    /opt/local/lib/ruby/gems/1.8/gems/actionpack-2.2.2/lib/action_controller/mime_responds.rb:164:in `respond'
    /opt/local/lib/ruby/gems/1.8/gems/actionpack-2.2.2/lib/action_controller/mime_responds.rb:158:in `each'
    /opt/local/lib/ruby/gems/1.8/gems/actionpack-2.2.2/lib/action_controller/mime_responds.rb:158:in `respond'
    /opt/local/lib/ruby/gems/1.8/gems/actionpack-2.2.2/lib/action_controller/mime_responds.rb:107:in `respond_to'
    app/controllers/accounts_controller.rb:83:in `index'
    /opt/local/lib/ruby/gems/1.8/gems/actionpack-2.2.2/lib/action_controller/base.rb:1253:in `send'
    /opt/local/lib/ruby/gems/1.8/gems/actionpack-2.2.2/lib/action_controller/base.rb:1253:in `perform_action_without_filters'
    /opt/local/lib/ruby/gems/1.8/gems/actionpack-2.2.2/lib/action_controller/filters.rb:617:in `call_filters'
    /opt/local/lib/ruby/gems/1.8/gems/actionpack-2.2.2/lib/action_controller/filters.rb:610:in `perform_action_without_benchmark'
    /opt/local/lib/ruby/gems/1.8/gems/actionpack-2.2.2/lib/action_controller/benchmarking.rb:68:in `perform_action_without_rescue'
    /opt/local/lib/ruby/1.8/benchmark.rb:293:in `measure'
    /opt/local/lib/ruby/gems/1.8/gems/actionpack-2.2.2/lib/action_controller/benchmarking.rb:68:in `perform_action_without_rescue'
    /opt/local/lib/ruby/gems/1.8/gems/actionpack-2.2.2/lib/action_controller/rescue.rb:136:in `perform_action_without_caching'
    /opt/local/lib/ruby/gems/1.8/gems/actionpack-2.2.2/lib/action_controller/caching/sql_cache.rb:13:in `perform_action'
    /opt/local/lib/ruby/gems/1.8/gems/activerecord-2.2.2/lib/active_record/connection_adapters/abstract/query_cache.rb:34:in `cache'
    /opt/local/lib/ruby/gems/1.8/gems/activerecord-2.2.2/lib/active_record/query_cache.rb:8:in `cache'
    /opt/local/lib/ruby/gems/1.8/gems/actionpack-2.2.2/lib/action_controller/caching/sql_cache.rb:12:in `perform_action'
    /opt/local/lib/ruby/gems/1.8/gems/actionpack-2.2.2/lib/action_controller/base.rb:524:in `send'
    /opt/local/lib/ruby/gems/1.8/gems/actionpack-2.2.2/lib/action_controller/base.rb:524:in `process_without_filters'
    /opt/local/lib/ruby/gems/1.8/gems/actionpack-2.2.2/lib/action_controller/filters.rb:606:in `process_without_session_management_support'
    /opt/local/lib/ruby/gems/1.8/gems/actionpack-2.2.2/lib/action_controller/session_management.rb:134:in `process'
    /opt/local/lib/ruby/gems/1.8/gems/actionpack-2.2.2/lib/action_controller/base.rb:392:in `process'
    /opt/local/lib/ruby/gems/1.8/gems/actionpack-2.2.2/lib/action_controller/dispatcher.rb:183:in `handle_request'
    /opt/local/lib/ruby/gems/1.8/gems/actionpack-2.2.2/lib/action_controller/dispatcher.rb:110:in `dispatch_unlocked'
    /opt/local/lib/ruby/gems/1.8/gems/actionpack-2.2.2/lib/action_controller/dispatcher.rb:123:in `dispatch'
    /opt/local/lib/ruby/gems/1.8/gems/actionpack-2.2.2/lib/action_controller/dispatcher.rb:122:in `synchronize'
    /opt/local/lib/ruby/gems/1.8/gems/actionpack-2.2.2/lib/action_controller/dispatcher.rb:122:in `dispatch'
    /opt/local/lib/ruby/gems/1.8/gems/actionpack-2.2.2/lib/action_controller/dispatcher.rb:132:in `dispatch_cgi'
    /opt/local/lib/ruby/gems/1.8/gems/actionpack-2.2.2/lib/action_controller/dispatcher.rb:39:in `dispatch'
    /opt/local/lib/ruby/gems/1.8/gems/mongrel-1.1.5/lib/mongrel/rails.rb:76:in `process'
    /opt/local/lib/ruby/gems/1.8/gems/mongrel-1.1.5/lib/mongrel/rails.rb:74:in `synchronize'
    /opt/local/lib/ruby/gems/1.8/gems/mongrel-1.1.5/lib/mongrel/rails.rb:74:in `process'
    /opt/local/lib/ruby/gems/1.8/gems/mongrel-1.1.5/lib/mongrel.rb:159:in `process_client'
    /opt/local/lib/ruby/gems/1.8/gems/mongrel-1.1.5/lib/mongrel.rb:158:in `each'
    /opt/local/lib/ruby/gems/1.8/gems/mongrel-1.1.5/lib/mongrel.rb:158:in `process_client'
    /opt/local/lib/ruby/gems/1.8/gems/mongrel-1.1.5/lib/mongrel.rb:285:in `run'
    /opt/local/lib/ruby/gems/1.8/gems/mongrel-1.1.5/lib/mongrel.rb:285:in `initialize'
    /opt/local/lib/ruby/gems/1.8/gems/mongrel-1.1.5/lib/mongrel.rb:285:in `new'
    /opt/local/lib/ruby/gems/1.8/gems/mongrel-1.1.5/lib/mongrel.rb:285:in `run'
    /opt/local/lib/ruby/gems/1.8/gems/mongrel-1.1.5/lib/mongrel.rb:268:in `initialize'
    /opt/local/lib/ruby/gems/1.8/gems/mongrel-1.1.5/lib/mongrel.rb:268:in `new'
    /opt/local/lib/ruby/gems/1.8/gems/mongrel-1.1.5/lib/mongrel.rb:268:in `run'
    /opt/local/lib/ruby/gems/1.8/gems/mongrel-1.1.5/lib/mongrel/configurator.rb:282:in `run'
    /opt/local/lib/ruby/gems/1.8/gems/mongrel-1.1.5/lib/mongrel/configurator.rb:281:in `each'
    /opt/local/lib/ruby/gems/1.8/gems/mongrel-1.1.5/lib/mongrel/configurator.rb:281:in `run'
    /opt/local/lib/ruby/gems/1.8/gems/mongrel-1.1.5/bin/mongrel_rails:128:in `run'
    /opt/local/lib/ruby/gems/1.8/gems/mongrel-1.1.5/lib/mongrel/command.rb:212:in `run'
    /opt/local/lib/ruby/gems/1.8/gems/mongrel-1.1.5/bin/mongrel_rails:281
    /opt/local/lib/ruby/gems/1.8/gems/activesupport-2.2.2/lib/active_support/dependencies.rb:142:in `load_without_new_constant_marking'
    /opt/local/lib/ruby/gems/1.8/gems/activesupport-2.2.2/lib/active_support/dependencies.rb:142:in `load'
    /opt/local/lib/ruby/gems/1.8/gems/activesupport-2.2.2/lib/active_support/dependencies.rb:521:in `new_constants_in'
    /opt/local/lib/ruby/gems/1.8/gems/activesupport-2.2.2/lib/active_support/dependencies.rb:142:in `load'
    /opt/local/lib/ruby/gems/1.8/gems/rails-2.2.2/lib/commands/servers/mongrel.rb:64
    /opt/local/lib/ruby/vendor_ruby/1.8/rubygems/custom_require.rb:31:in `gem_original_require'
    /opt/local/lib/ruby/vendor_ruby/1.8/rubygems/custom_require.rb:31:in `require'
    /opt/local/lib/ruby/gems/1.8/gems/activesupport-2.2.2/lib/active_support/dependencies.rb:153:in `require'
    /opt/local/lib/ruby/gems/1.8/gems/activesupport-2.2.2/lib/active_support/dependencies.rb:521:in `new_constants_in'
    /opt/local/lib/ruby/gems/1.8/gems/activesupport-2.2.2/lib/active_support/dependencies.rb:153:in `require'
    /opt/local/lib/ruby/gems/1.8/gems/rails-2.2.2/lib/commands/server.rb:49
    /opt/local/lib/ruby/vendor_ruby/1.8/rubygems/custom_require.rb:31:in `gem_original_require'
    /opt/local/lib/ruby/vendor_ruby/1.8/rubygems/custom_require.rb:31:in `require'
    script/server:3
    /opt/local/lib/ruby/gems/1.8/gems/ruby-debug-ide-0.4.2/lib/ruby-debug.rb:101:in `debug_load'
    /opt/local/lib/ruby/gems/1.8/gems/ruby-debug-ide-0.4.2/lib/ruby-debug.rb:101:in `debug_program'
    /opt/local/lib/ruby/gems/1.8/gems/ruby-debug-ide-0.4.2/bin/rdebug-ide:82
    /opt/local/bin/rdebug-ide:19:in `load'
    /opt/local/bin/rdebug-ide:19
    -e:2:in `load'
    -e:2

Rendered /opt/local/lib/ruby/gems/1.8/gems/actionpack-2.2.2/lib/action_controller/templates/rescues/_trace (135.0ms)
Rendered /opt/local/lib/ruby/gems/1.8/gems/actionpack-2.2.2/lib/action_controller/templates/rescues/_request_and_response (1.1ms)
Rendering /opt/local/lib/ruby/gems/1.8/gems/actionpack-2.2.2/lib/action_controller/templates/rescues/layout.erb (internal_server_error)


Processing AccountsController#index (for 127.0.0.1 at 2009-03-17 14:42:13) [GET]
  [4;35;1mAccount Load (0.8ms)[0m   [0mSELECT * FROM "accounts" [0m
Rendering accounts/index
Completed in 18ms (View: 13, DB: 1) | 200 OK [http://localhost/accounts/]


Processing AccountsController#show (for 127.0.0.1 at 2009-03-17 14:42:23) [GET]
  Parameters: {"id"=>"1"}
Redirected to /session/new
Filter chain halted as [:login_required] rendered_or_redirected.
Completed in 1ms (DB: 0) | 302 Found [http://localhost/accounts/1]


Processing SessionsController#new (for 127.0.0.1 at 2009-03-17 14:42:23) [GET]
Rendering sessions/new
Completed in 5ms (View: 3, DB: 0) | 200 OK [http://localhost/session/new]


Processing SessionsController#new (for 127.0.0.1 at 2009-03-17 14:42:40) [GET]
Rendering sessions/new
Completed in 5ms (View: 3, DB: 0) | 200 OK [http://localhost/session/new]


Processing AccountsController#index (for 127.0.0.1 at 2009-03-17 14:42:42) [GET]
  [4;36;1mAccount Load (0.8ms)[0m   [0;1mSELECT * FROM "accounts" [0m
Rendering accounts/index
Completed in 15ms (View: 10, DB: 1) | 200 OK [http://localhost/accounts/]


Processing AccountsController#show (for 127.0.0.1 at 2009-03-17 14:42:43) [GET]
  Parameters: {"id"=>"1"}
  [4;35;1mAccount Load (0.5ms)[0m   [0mSELECT * FROM "accounts" WHERE ("accounts"."id" = 1) [0m
Rendering accounts/show
Completed in 15ms (View: 7, DB: 0) | 200 OK [http://localhost/accounts/1]


Processing SessionsController#new (for 127.0.0.1 at 2009-03-17 14:43:04) [GET]
Rendering sessions/new
Completed in 5ms (View: 3, DB: 0) | 200 OK [http://localhost/login]


Processing SessionsController#create (for 127.0.0.1 at 2009-03-17 14:43:10) [POST]
  Parameters: {"commit"=>"Log in", "authenticity_token"=>"4ad65dc2a783a2e538d32b35aff604cadcb77cb1", "login"=>"wada", "password"=>"wada"}
Cookie set: auth_token=; path=/; expires=Thu, 01 Jan 1970 00:00:00 GMT
  [4;36;1mAccount Load (0.8ms)[0m   [0;1mSELECT * FROM "accounts" WHERE ("accounts"."login" = 'wada') AND (accounts.state = 'active') LIMIT 1[0m
Failed login for 'wada' from 127.0.0.1 at Tue Mar 17 05:43:28 UTC 2009
Rendering sessions/new
Completed in 18035ms (View: 6, DB: 1) | 200 OK [http://localhost/session]


Processing SessionsController#create (for 127.0.0.1 at 2009-03-17 14:43:34) [POST]
  Parameters: {"commit"=>"Log in", "authenticity_token"=>"4ad65dc2a783a2e538d32b35aff604cadcb77cb1", "login"=>"wada", "password"=>"wadawada"}
Cookie set: auth_token=; path=/; expires=Thu, 01 Jan 1970 00:00:00 GMT
  [4;35;1mAccount Load (0.8ms)[0m   [0mSELECT * FROM "accounts" WHERE ("accounts"."login" = 'wada') AND (accounts.state = 'active') LIMIT 1[0m
Cookie set: auth_token=; path=/
Redirected to /accounts/1
Completed in 29462ms (DB: 1) | 302 Found [http://localhost/session]


Processing AccountsController#show (for 127.0.0.1 at 2009-03-17 14:44:24) [GET]
  Parameters: {"id"=>"1"}
  [4;36;1mAccount Load (0.5ms)[0m   [0;1mSELECT * FROM "accounts" WHERE ("accounts"."id" = 1) [0m
Rendering accounts/show
  [4;35;1mAccount Load (0.5ms)[0m   [0mSELECT * FROM "accounts" WHERE ("accounts"."id" = 1) LIMIT 1[0m
Completed in 16ms (View: 8, DB: 1) | 200 OK [http://localhost/accounts/1]


Processing AccountsController#edit (for 127.0.0.1 at 2009-03-17 14:44:49) [GET]
  Parameters: {"id"=>"1"}
  [4;36;1mAccount Load (0.5ms)[0m   [0;1mSELECT * FROM "accounts" WHERE ("accounts"."id" = 1) LIMIT 1[0m


ActionController::UnknownAction (No action responded to edit. Actions: activate, create, destroy, index, new, purge, show, suspend, and unsuspend):
    /opt/local/lib/ruby/gems/1.8/gems/actionpack-2.2.2/lib/action_controller/filters.rb:617:in `call_filters'
    /opt/local/lib/ruby/gems/1.8/gems/actionpack-2.2.2/lib/action_controller/filters.rb:610:in `perform_action_without_benchmark'
    /opt/local/lib/ruby/gems/1.8/gems/actionpack-2.2.2/lib/action_controller/benchmarking.rb:68:in `perform_action_without_rescue'
    /opt/local/lib/ruby/1.8/benchmark.rb:293:in `measure'
    /opt/local/lib/ruby/gems/1.8/gems/actionpack-2.2.2/lib/action_controller/benchmarking.rb:68:in `perform_action_without_rescue'
    /opt/local/lib/ruby/gems/1.8/gems/actionpack-2.2.2/lib/action_controller/rescue.rb:136:in `perform_action_without_caching'
    /opt/local/lib/ruby/gems/1.8/gems/actionpack-2.2.2/lib/action_controller/caching/sql_cache.rb:13:in `perform_action'
    /opt/local/lib/ruby/gems/1.8/gems/activerecord-2.2.2/lib/active_record/connection_adapters/abstract/query_cache.rb:34:in `cache'
    /opt/local/lib/ruby/gems/1.8/gems/activerecord-2.2.2/lib/active_record/query_cache.rb:8:in `cache'
    /opt/local/lib/ruby/gems/1.8/gems/actionpack-2.2.2/lib/action_controller/caching/sql_cache.rb:12:in `perform_action'
    /opt/local/lib/ruby/gems/1.8/gems/actionpack-2.2.2/lib/action_controller/base.rb:524:in `send'
    /opt/local/lib/ruby/gems/1.8/gems/actionpack-2.2.2/lib/action_controller/base.rb:524:in `process_without_filters'
    /opt/local/lib/ruby/gems/1.8/gems/actionpack-2.2.2/lib/action_controller/filters.rb:606:in `process_without_session_management_support'
    /opt/local/lib/ruby/gems/1.8/gems/actionpack-2.2.2/lib/action_controller/session_management.rb:134:in `process'
    /opt/local/lib/ruby/gems/1.8/gems/actionpack-2.2.2/lib/action_controller/base.rb:392:in `process'
    /opt/local/lib/ruby/gems/1.8/gems/actionpack-2.2.2/lib/action_controller/dispatcher.rb:183:in `handle_request'
    /opt/local/lib/ruby/gems/1.8/gems/actionpack-2.2.2/lib/action_controller/dispatcher.rb:110:in `dispatch_unlocked'
    /opt/local/lib/ruby/gems/1.8/gems/actionpack-2.2.2/lib/action_controller/dispatcher.rb:123:in `dispatch'
    /opt/local/lib/ruby/gems/1.8/gems/actionpack-2.2.2/lib/action_controller/dispatcher.rb:122:in `synchronize'
    /opt/local/lib/ruby/gems/1.8/gems/actionpack-2.2.2/lib/action_controller/dispatcher.rb:122:in `dispatch'
    /opt/local/lib/ruby/gems/1.8/gems/actionpack-2.2.2/lib/action_controller/dispatcher.rb:132:in `dispatch_cgi'
    /opt/local/lib/ruby/gems/1.8/gems/actionpack-2.2.2/lib/action_controller/dispatcher.rb:39:in `dispatch'
    /opt/local/lib/ruby/gems/1.8/gems/mongrel-1.1.5/bin/../lib/mongrel/rails.rb:76:in `process'
    /opt/local/lib/ruby/gems/1.8/gems/mongrel-1.1.5/bin/../lib/mongrel/rails.rb:74:in `synchronize'
    /opt/local/lib/ruby/gems/1.8/gems/mongrel-1.1.5/bin/../lib/mongrel/rails.rb:74:in `process'
    /opt/local/lib/ruby/gems/1.8/gems/mongrel-1.1.5/lib/mongrel.rb:159:in `process_client'
    /opt/local/lib/ruby/gems/1.8/gems/mongrel-1.1.5/lib/mongrel.rb:158:in `each'
    /opt/local/lib/ruby/gems/1.8/gems/mongrel-1.1.5/lib/mongrel.rb:158:in `process_client'
    /opt/local/lib/ruby/gems/1.8/gems/mongrel-1.1.5/lib/mongrel.rb:285:in `run'
    /opt/local/lib/ruby/gems/1.8/gems/mongrel-1.1.5/lib/mongrel.rb:285:in `initialize'
    /opt/local/lib/ruby/gems/1.8/gems/mongrel-1.1.5/lib/mongrel.rb:285:in `new'
    /opt/local/lib/ruby/gems/1.8/gems/mongrel-1.1.5/lib/mongrel.rb:285:in `run'
    /opt/local/lib/ruby/gems/1.8/gems/mongrel-1.1.5/lib/mongrel.rb:268:in `initialize'
    /opt/local/lib/ruby/gems/1.8/gems/mongrel-1.1.5/lib/mongrel.rb:268:in `new'
    /opt/local/lib/ruby/gems/1.8/gems/mongrel-1.1.5/lib/mongrel.rb:268:in `run'
    /opt/local/lib/ruby/gems/1.8/gems/mongrel-1.1.5/lib/mongrel/configurator.rb:282:in `run'
    /opt/local/lib/ruby/gems/1.8/gems/mongrel-1.1.5/lib/mongrel/configurator.rb:281:in `each'
    /opt/local/lib/ruby/gems/1.8/gems/mongrel-1.1.5/lib/mongrel/configurator.rb:281:in `run'
    /opt/local/lib/ruby/gems/1.8/gems/mongrel-1.1.5/bin/mongrel_rails:128:in `run'
    /opt/local/lib/ruby/gems/1.8/gems/mongrel-1.1.5/lib/mongrel/command.rb:212:in `run'
    /opt/local/lib/ruby/gems/1.8/gems/mongrel-1.1.5/bin/mongrel_rails:281
    /opt/local/lib/ruby/gems/1.8/gems/activesupport-2.2.2/lib/active_support/dependencies.rb:142:in `load_without_new_constant_marking'
    /opt/local/lib/ruby/gems/1.8/gems/activesupport-2.2.2/lib/active_support/dependencies.rb:142:in `load'
    /opt/local/lib/ruby/gems/1.8/gems/activesupport-2.2.2/lib/active_support/dependencies.rb:521:in `new_constants_in'
    /opt/local/lib/ruby/gems/1.8/gems/activesupport-2.2.2/lib/active_support/dependencies.rb:142:in `load'
    /opt/local/lib/ruby/gems/1.8/gems/rails-2.2.2/lib/commands/servers/mongrel.rb:64
    /opt/local/lib/ruby/vendor_ruby/1.8/rubygems/custom_require.rb:31:in `gem_original_require'
    /opt/local/lib/ruby/vendor_ruby/1.8/rubygems/custom_require.rb:31:in `require'
    /opt/local/lib/ruby/gems/1.8/gems/activesupport-2.2.2/lib/active_support/dependencies.rb:153:in `require'
    /opt/local/lib/ruby/gems/1.8/gems/activesupport-2.2.2/lib/active_support/dependencies.rb:521:in `new_constants_in'
    /opt/local/lib/ruby/gems/1.8/gems/activesupport-2.2.2/lib/active_support/dependencies.rb:153:in `require'
    /opt/local/lib/ruby/gems/1.8/gems/rails-2.2.2/lib/commands/server.rb:49
    /opt/local/lib/ruby/vendor_ruby/1.8/rubygems/custom_require.rb:31:in `gem_original_require'
    /opt/local/lib/ruby/vendor_ruby/1.8/rubygems/custom_require.rb:31:in `require'
    ./script/server:3
    /opt/local/lib/ruby/gems/1.8/gems/ruby-debug-ide-0.4.2/lib/ruby-debug.rb:101:in `debug_load'
    /opt/local/lib/ruby/gems/1.8/gems/ruby-debug-ide-0.4.2/lib/ruby-debug.rb:101:in `debug_program'
    /opt/local/lib/ruby/gems/1.8/gems/ruby-debug-ide-0.4.2/bin/rdebug-ide:82
    /opt/local/bin/rdebug-ide:19:in `load'
    /opt/local/bin/rdebug-ide:19
    -e:2:in `load'
    -e:2

Rendering /opt/local/lib/ruby/gems/1.8/gems/actionpack-2.2.2/lib/action_controller/templates/rescues/layout.erb (not_found)


Processing AccountsController#edit (for 127.0.0.1 at 2009-03-17 14:47:44) [GET]
  Parameters: {"id"=>"1"}
  [4;35;1mAccount Load (0.5ms)[0m   [0mSELECT * FROM "accounts" WHERE ("accounts"."id" = 1) LIMIT 1[0m
  [4;36;1mAccount Load (0.5ms)[0m   [0;1mSELECT * FROM "accounts" WHERE ("accounts"."id" = 1) [0m
Rendering accounts/edit


ActionView::TemplateError (undefined method `account' for #<Account:0x1ba9054>) on line #8 of app/views/accounts/edit.html.erb:
5: 
6:   <p>
7:     <%= f.label :account %><br />
8:     <%= f.text_field :account %>
9:   </p>
10:   <p>
11:     <%= f.label :password %><br />

    /opt/local/lib/ruby/gems/1.8/gems/activerecord-2.2.2/lib/active_record/attribute_methods.rb:260:in `method_missing'
    /opt/local/lib/ruby/gems/1.8/gems/actionpack-2.2.2/lib/action_view/helpers/form_helper.rb:653:in `send'
    /opt/local/lib/ruby/gems/1.8/gems/actionpack-2.2.2/lib/action_view/helpers/form_helper.rb:653:in `value_before_type_cast'
    /opt/local/lib/ruby/gems/1.8/gems/actionpack-2.2.2/lib/action_view/helpers/form_helper.rb:641:in `value_before_type_cast'
    /opt/local/lib/ruby/gems/1.8/gems/actionpack-2.2.2/lib/action_view/helpers/form_helper.rb:560:in `to_input_field_tag'
    /opt/local/lib/ruby/gems/1.8/gems/actionpack-2.2.2/lib/action_view/helpers/form_helper.rb:354:in `text_field'
    /opt/local/lib/ruby/gems/1.8/gems/actionpack-2.2.2/lib/action_view/helpers/form_helper.rb:745:in `send'
    /opt/local/lib/ruby/gems/1.8/gems/actionpack-2.2.2/lib/action_view/helpers/form_helper.rb:745:in `text_field'
    app/views/accounts/edit.html.erb:8
    /opt/local/lib/ruby/gems/1.8/gems/actionpack-2.2.2/lib/action_view/helpers/form_helper.rb:313:in `fields_for'
    /opt/local/lib/ruby/gems/1.8/gems/actionpack-2.2.2/lib/action_view/helpers/form_helper.rb:253:in `form_for'
    app/views/accounts/edit.html.erb:3
    /opt/local/lib/ruby/gems/1.8/gems/actionpack-2.2.2/lib/action_view/renderable.rb:39:in `send'
    /opt/local/lib/ruby/gems/1.8/gems/actionpack-2.2.2/lib/action_view/renderable.rb:39:in `render'
    /opt/local/lib/ruby/gems/1.8/gems/actionpack-2.2.2/lib/action_view/template.rb:73:in `render_template'
    /opt/local/lib/ruby/gems/1.8/gems/actionpack-2.2.2/lib/action_view/base.rb:256:in `render'
    /opt/local/lib/ruby/gems/1.8/gems/actionpack-2.2.2/lib/action_controller/base.rb:1174:in `render_for_file'
    /opt/local/lib/ruby/gems/1.8/gems/actionpack-2.2.2/lib/action_controller/base.rb:896:in `render_without_benchmark'
    /opt/local/lib/ruby/gems/1.8/gems/actionpack-2.2.2/lib/action_controller/benchmarking.rb:51:in `render'
    /opt/local/lib/ruby/gems/1.8/gems/activesupport-2.2.2/lib/active_support/core_ext/benchmark.rb:8:in `realtime'
    /opt/local/lib/ruby/gems/1.8/gems/actionpack-2.2.2/lib/action_controller/benchmarking.rb:51:in `render'
    /opt/local/lib/ruby/gems/1.8/gems/actionpack-2.2.2/lib/action_controller/base.rb:868:in `render_without_benchmark'
    /opt/local/lib/ruby/gems/1.8/gems/actionpack-2.2.2/lib/action_controller/benchmarking.rb:51:in `render'
    /opt/local/lib/ruby/gems/1.8/gems/activesupport-2.2.2/lib/active_support/core_ext/benchmark.rb:8:in `realtime'
    /opt/local/lib/ruby/gems/1.8/gems/actionpack-2.2.2/lib/action_controller/benchmarking.rb:51:in `render'
    /opt/local/lib/ruby/gems/1.8/gems/actionpack-2.2.2/lib/action_controller/base.rb:1248:in `default_render'
    /opt/local/lib/ruby/gems/1.8/gems/actionpack-2.2.2/lib/action_controller/base.rb:1254:in `perform_action_without_filters'
    /opt/local/lib/ruby/gems/1.8/gems/actionpack-2.2.2/lib/action_controller/filters.rb:617:in `call_filters'
    /opt/local/lib/ruby/gems/1.8/gems/actionpack-2.2.2/lib/action_controller/filters.rb:610:in `perform_action_without_benchmark'
    /opt/local/lib/ruby/gems/1.8/gems/actionpack-2.2.2/lib/action_controller/benchmarking.rb:68:in `perform_action_without_rescue'
    /opt/local/lib/ruby/1.8/benchmark.rb:293:in `measure'
    /opt/local/lib/ruby/gems/1.8/gems/actionpack-2.2.2/lib/action_controller/benchmarking.rb:68:in `perform_action_without_rescue'
    /opt/local/lib/ruby/gems/1.8/gems/actionpack-2.2.2/lib/action_controller/rescue.rb:136:in `perform_action_without_caching'
    /opt/local/lib/ruby/gems/1.8/gems/actionpack-2.2.2/lib/action_controller/caching/sql_cache.rb:13:in `perform_action'
    /opt/local/lib/ruby/gems/1.8/gems/activerecord-2.2.2/lib/active_record/connection_adapters/abstract/query_cache.rb:34:in `cache'
    /opt/local/lib/ruby/gems/1.8/gems/activerecord-2.2.2/lib/active_record/query_cache.rb:8:in `cache'
    /opt/local/lib/ruby/gems/1.8/gems/actionpack-2.2.2/lib/action_controller/caching/sql_cache.rb:12:in `perform_action'
    /opt/local/lib/ruby/gems/1.8/gems/actionpack-2.2.2/lib/action_controller/base.rb:524:in `send'
    /opt/local/lib/ruby/gems/1.8/gems/actionpack-2.2.2/lib/action_controller/base.rb:524:in `process_without_filters'
    /opt/local/lib/ruby/gems/1.8/gems/actionpack-2.2.2/lib/action_controller/filters.rb:606:in `process_without_session_management_support'
    /opt/local/lib/ruby/gems/1.8/gems/actionpack-2.2.2/lib/action_controller/session_management.rb:134:in `process'
    /opt/local/lib/ruby/gems/1.8/gems/actionpack-2.2.2/lib/action_controller/base.rb:392:in `process'
    /opt/local/lib/ruby/gems/1.8/gems/actionpack-2.2.2/lib/action_controller/dispatcher.rb:183:in `handle_request'
    /opt/local/lib/ruby/gems/1.8/gems/actionpack-2.2.2/lib/action_controller/dispatcher.rb:110:in `dispatch_unlocked'
    /opt/local/lib/ruby/gems/1.8/gems/actionpack-2.2.2/lib/action_controller/dispatcher.rb:123:in `dispatch'
    /opt/local/lib/ruby/gems/1.8/gems/actionpack-2.2.2/lib/action_controller/dispatcher.rb:122:in `synchronize'
    /opt/local/lib/ruby/gems/1.8/gems/actionpack-2.2.2/lib/action_controller/dispatcher.rb:122:in `dispatch'
    /opt/local/lib/ruby/gems/1.8/gems/actionpack-2.2.2/lib/action_controller/dispatcher.rb:132:in `dispatch_cgi'
    /opt/local/lib/ruby/gems/1.8/gems/actionpack-2.2.2/lib/action_controller/dispatcher.rb:39:in `dispatch'
    /opt/local/lib/ruby/gems/1.8/gems/mongrel-1.1.5/lib/mongrel/rails.rb:76:in `process'
    /opt/local/lib/ruby/gems/1.8/gems/mongrel-1.1.5/lib/mongrel/rails.rb:74:in `synchronize'
    /opt/local/lib/ruby/gems/1.8/gems/mongrel-1.1.5/lib/mongrel/rails.rb:74:in `process'
    /opt/local/lib/ruby/gems/1.8/gems/mongrel-1.1.5/lib/mongrel.rb:159:in `process_client'
    /opt/local/lib/ruby/gems/1.8/gems/mongrel-1.1.5/lib/mongrel.rb:158:in `each'
    /opt/local/lib/ruby/gems/1.8/gems/mongrel-1.1.5/lib/mongrel.rb:158:in `process_client'
    /opt/local/lib/ruby/gems/1.8/gems/mongrel-1.1.5/lib/mongrel.rb:285:in `run'
    /opt/local/lib/ruby/gems/1.8/gems/mongrel-1.1.5/lib/mongrel.rb:285:in `initialize'
    /opt/local/lib/ruby/gems/1.8/gems/mongrel-1.1.5/lib/mongrel.rb:285:in `new'
    /opt/local/lib/ruby/gems/1.8/gems/mongrel-1.1.5/lib/mongrel.rb:285:in `run'
    /opt/local/lib/ruby/gems/1.8/gems/mongrel-1.1.5/lib/mongrel.rb:268:in `initialize'
    /opt/local/lib/ruby/gems/1.8/gems/mongrel-1.1.5/lib/mongrel.rb:268:in `new'
    /opt/local/lib/ruby/gems/1.8/gems/mongrel-1.1.5/lib/mongrel.rb:268:in `run'
    /opt/local/lib/ruby/gems/1.8/gems/mongrel-1.1.5/lib/mongrel/configurator.rb:282:in `run'
    /opt/local/lib/ruby/gems/1.8/gems/mongrel-1.1.5/lib/mongrel/configurator.rb:281:in `each'
    /opt/local/lib/ruby/gems/1.8/gems/mongrel-1.1.5/lib/mongrel/configurator.rb:281:in `run'
    /opt/local/lib/ruby/gems/1.8/gems/mongrel-1.1.5/bin/mongrel_rails:128:in `run'
    /opt/local/lib/ruby/gems/1.8/gems/mongrel-1.1.5/lib/mongrel/command.rb:212:in `run'
    /opt/local/lib/ruby/gems/1.8/gems/mongrel-1.1.5/bin/mongrel_rails:281
    /opt/local/lib/ruby/gems/1.8/gems/activesupport-2.2.2/lib/active_support/dependencies.rb:142:in `load_without_new_constant_marking'
    /opt/local/lib/ruby/gems/1.8/gems/activesupport-2.2.2/lib/active_support/dependencies.rb:142:in `load'
    /opt/local/lib/ruby/gems/1.8/gems/activesupport-2.2.2/lib/active_support/dependencies.rb:521:in `new_constants_in'
    /opt/local/lib/ruby/gems/1.8/gems/activesupport-2.2.2/lib/active_support/dependencies.rb:142:in `load'
    /opt/local/lib/ruby/gems/1.8/gems/rails-2.2.2/lib/commands/servers/mongrel.rb:64
    /opt/local/lib/ruby/vendor_ruby/1.8/rubygems/custom_require.rb:31:in `gem_original_require'
    /opt/local/lib/ruby/vendor_ruby/1.8/rubygems/custom_require.rb:31:in `require'
    /opt/local/lib/ruby/gems/1.8/gems/activesupport-2.2.2/lib/active_support/dependencies.rb:153:in `require'
    /opt/local/lib/ruby/gems/1.8/gems/activesupport-2.2.2/lib/active_support/dependencies.rb:521:in `new_constants_in'
    /opt/local/lib/ruby/gems/1.8/gems/activesupport-2.2.2/lib/active_support/dependencies.rb:153:in `require'
    /opt/local/lib/ruby/gems/1.8/gems/rails-2.2.2/lib/commands/server.rb:49
    /opt/local/lib/ruby/vendor_ruby/1.8/rubygems/custom_require.rb:31:in `gem_original_require'
    /opt/local/lib/ruby/vendor_ruby/1.8/rubygems/custom_require.rb:31:in `require'
    script/server:3
    /opt/local/lib/ruby/gems/1.8/gems/ruby-debug-ide-0.4.2/lib/ruby-debug.rb:101:in `debug_load'
    /opt/local/lib/ruby/gems/1.8/gems/ruby-debug-ide-0.4.2/lib/ruby-debug.rb:101:in `debug_program'
    /opt/local/lib/ruby/gems/1.8/gems/ruby-debug-ide-0.4.2/bin/rdebug-ide:82
    /opt/local/bin/rdebug-ide:19:in `load'
    /opt/local/bin/rdebug-ide:19
    -e:2:in `load'
    -e:2

Rendered /opt/local/lib/ruby/gems/1.8/gems/actionpack-2.2.2/lib/action_controller/templates/rescues/_trace (74.4ms)
Rendered /opt/local/lib/ruby/gems/1.8/gems/actionpack-2.2.2/lib/action_controller/templates/rescues/_request_and_response (1.0ms)
Rendering /opt/local/lib/ruby/gems/1.8/gems/actionpack-2.2.2/lib/action_controller/templates/rescues/layout.erb (internal_server_error)


Processing AccountsController#edit (for 127.0.0.1 at 2009-03-17 14:48:56) [GET]
  Parameters: {"id"=>"1"}
  [4;35;1mAccount Load (0.5ms)[0m   [0mSELECT * FROM "accounts" WHERE ("accounts"."id" = 1) LIMIT 1[0m
  [4;36;1mAccount Load (0.5ms)[0m   [0;1mSELECT * FROM "accounts" WHERE ("accounts"."id" = 1) [0m
Rendering accounts/edit
Completed in 16ms (View: 8, DB: 1) | 200 OK [http://localhost/accounts/1/edit]


Processing SessionsController#destroy (for 127.0.0.1 at 2009-03-17 14:49:48) [GET]
Cookie set: auth_token=; path=/; expires=Thu, 01 Jan 1970 00:00:00 GMT
Redirected to /
Completed in 4ms (DB: 0) | 302 Found [http://localhost/logout]


Processing AccountsController#edit (for 127.0.0.1 at 2009-03-17 14:50:04) [GET]
  Parameters: {"id"=>"1"}
Redirected to /session/new
Filter chain halted as [:login_required] rendered_or_redirected.
Completed in 1ms (DB: 0) | 302 Found [http://localhost/accounts/1/edit]


Processing SessionsController#new (for 127.0.0.1 at 2009-03-17 14:50:04) [GET]
Rendering sessions/new
Completed in 5ms (View: 3, DB: 0) | 200 OK [http://localhost/session/new]


Processing AccountsController#new (for 127.0.0.1 at 2009-03-17 14:50:15) [GET]
Rendering accounts/new
Completed in 13ms (View: 7, DB: 0) | 200 OK [http://localhost/signup]


Processing AccountsController#create (for 127.0.0.1 at 2009-03-17 14:50:50) [POST]
  Parameters: {"commit"=>"Sign up", "authenticity_token"=>"dc703f3cdde799b025bdf963836c5bd63664bb7d", "account"=>{"password_confirmation"=>"mamitan", "password"=>"mamitan", "login"=>"mamitan", "email"=>"yoshida@jugem.co.jp"}}
Cookie set: auth_token=; path=/; expires=Thu, 01 Jan 1970 00:00:00 GMT
  [4;35;1mAccount Exists (0.2ms)[0m   [0mSELECT "accounts".id FROM "accounts" WHERE ("accounts"."login" = 'mamitan') LIMIT 1[0m
  [4;36;1mAccount Exists (0.1ms)[0m   [0;1mSELECT "accounts".id FROM "accounts" WHERE ("accounts"."email" = 'yoshida@jugem.co.jp') LIMIT 1[0m
  [4;35;1mCACHE (0.0ms)[0m   [0mSELECT "accounts".id FROM "accounts" WHERE ("accounts"."login" = 'mamitan') LIMIT 1[0m
  [4;36;1mCACHE (0.0ms)[0m   [0;1mSELECT "accounts".id FROM "accounts" WHERE ("accounts"."email" = 'yoshida@jugem.co.jp') LIMIT 1[0m
  [4;35;1mAccount Create (0.5ms)[0m   [0mINSERT INTO "accounts" ("name", "salt", "created_at", "activated_at", "crypted_password", "remember_token_expires_at", "updated_at", "deleted_at", "activation_code", "remember_token", "login", "email", "state") VALUES('', 'bcb8f0d040b67a2f5a280ed56639d8eddfb62fbe', '2009-03-17 05:50:50', NULL, 'ca425b84858b3dabbe90ff41027acb5c3d0f8165', NULL, '2009-03-17 05:50:50', NULL, 'e94f6abbed88c7063c5a62b020123080bf362af0', NULL, 'mamitan', 'yoshida@jugem.co.jp', 'pending')[0m
Sent mail to yoshida@jugem.co.jp

Date: Tue, 17 Mar 2009 14:50:50 +0900
From: ADMINEMAIL
To: yoshida@jugem.co.jp
Subject: [YOURSITE] Please activate your new account
Mime-Version: 1.0
Content-Type: text/plain; charset=utf-8

Your account has been created.

  Username: mamitan
  Password: mamitan

Visit this url to activate your account:

  http://localhost:3006//activate/e94f6abbed88c7063c5a62b020123080bf362af0
  [4;36;1mAccount Exists (0.3ms)[0m   [0;1mSELECT "accounts".id FROM "accounts" WHERE ("accounts"."login" = 'mamitan' AND "accounts".id <> 2) LIMIT 1[0m
  [4;35;1mAccount Exists (0.2ms)[0m   [0mSELECT "accounts".id FROM "accounts" WHERE ("accounts"."email" = 'yoshida@jugem.co.jp' AND "accounts".id <> 2) LIMIT 1[0m
Redirected to /accounts/1/edit
Completed in 285ms (DB: 1) | 302 Found [http://localhost/accounts]


Processing AccountsController#edit (for 127.0.0.1 at 2009-03-17 14:50:50) [GET]
  Parameters: {"id"=>"1"}
Redirected to /session/new
Filter chain halted as [:login_required] rendered_or_redirected.
Completed in 1ms (DB: 0) | 302 Found [http://localhost/accounts/1/edit]


Processing SessionsController#new (for 127.0.0.1 at 2009-03-17 14:50:50) [GET]
Rendering sessions/new
Completed in 6ms (View: 3, DB: 0) | 200 OK [http://localhost/session/new]


Processing AccountsController#activate (for 127.0.0.1 at 2009-03-17 14:52:00) [GET]
  Parameters: {"activation_code"=>"e94f6abbed88c7063c5a62b020123080bf362af0"}
Cookie set: auth_token=; path=/; expires=Thu, 01 Jan 1970 00:00:00 GMT
  [4;36;1mAccount Load (0.7ms)[0m   [0;1mSELECT * FROM "accounts" WHERE ("accounts"."activation_code" = 'e94f6abbed88c7063c5a62b020123080bf362af0') LIMIT 1[0m
  [4;35;1mAccount Exists (0.2ms)[0m   [0mSELECT "accounts".id FROM "accounts" WHERE ("accounts"."login" = 'mamitan' AND "accounts".id <> 2) LIMIT 1[0m
  [4;36;1mAccount Exists (0.1ms)[0m   [0;1mSELECT "accounts".id FROM "accounts" WHERE ("accounts"."email" = 'yoshida@jugem.co.jp' AND "accounts".id <> 2) LIMIT 1[0m
  [4;35;1mAccount Update (0.4ms)[0m   [0mUPDATE "accounts" SET "updated_at" = '2009-03-17 05:52:17', "activated_at" = '2009-03-17 05:52:17', "activation_code" = NULL, "state" = 'active' WHERE "id" = 2[0m
Sent mail to yoshida@jugem.co.jp

Date: Tue, 17 Mar 2009 14:52:17 +0900
From: ADMINEMAIL
To: yoshida@jugem.co.jp
Subject: [YOURSITE] Your account has been activated!
Mime-Version: 1.0
Content-Type: text/plain; charset=utf-8

mamitan, your account has been activated.  Welcome aboard!

  http://localhost:3006/
Redirected to /login
Completed in 24385ms (DB: 1) | 302 Found [http://localhost/activate/e94f6abbed88c7063c5a62b020123080bf362af0]


Processing SessionsController#new (for 127.0.0.1 at 2009-03-17 14:52:37) [GET]
Rendering sessions/new
Completed in 5ms (View: 3, DB: 0) | 200 OK [http://localhost/login]


Processing SessionsController#create (for 127.0.0.1 at 2009-03-17 14:52:59) [POST]
  Parameters: {"commit"=>"Log in", "authenticity_token"=>"dc703f3cdde799b025bdf963836c5bd63664bb7d", "login"=>"mamitan", "password"=>"mamitan"}
Cookie set: auth_token=; path=/; expires=Thu, 01 Jan 1970 00:00:00 GMT
  [4;36;1mAccount Load (1.2ms)[0m   [0;1mSELECT * FROM "accounts" WHERE ("accounts"."login" = 'mamitan') AND (accounts.state = 'active') LIMIT 1[0m
Cookie set: auth_token=; path=/
Redirected to /accounts/1/edit
Completed in 18513ms (DB: 1) | 302 Found [http://localhost/session]


Processing AccountsController#edit (for 127.0.0.1 at 2009-03-17 14:53:35) [GET]
  Parameters: {"id"=>"1"}
  [4;35;1mAccount Load (0.5ms)[0m   [0mSELECT * FROM "accounts" WHERE ("accounts"."id" = 2) LIMIT 1[0m
  [4;36;1mAccount Load (0.5ms)[0m   [0;1mSELECT * FROM "accounts" WHERE ("accounts"."id" = 1) [0m
Rendering accounts/edit
Completed in 16ms (View: 8, DB: 1) | 200 OK [http://localhost/accounts/1/edit]


Processing AccountsController#index (for 127.0.0.1 at 2009-03-17 14:54:05) [GET]
  [4;35;1mAccount Load (1.0ms)[0m   [0mSELECT * FROM "accounts" [0m
Rendering accounts/index
Completed in 14ms (View: 10, DB: 1) | 200 OK [http://localhost/accounts/]


Processing AccountsController#show (for 127.0.0.1 at 2009-03-17 14:54:12) [GET]
  Parameters: {"id"=>"1"}
  [4;36;1mAccount Load (0.5ms)[0m   [0;1mSELECT * FROM "accounts" WHERE ("accounts"."id" = 1) [0m
Rendering accounts/show
  [4;35;1mAccount Load (1.1ms)[0m   [0mSELECT * FROM "accounts" WHERE ("accounts"."id" = 2) LIMIT 1[0m
Completed in 15ms (View: 7, DB: 2) | 200 OK [http://localhost/accounts/1]


Processing AccountsController#show (for 127.0.0.1 at 2009-03-17 14:54:17) [GET]
  Parameters: {"id"=>"2"}
  [4;36;1mAccount Load (0.5ms)[0m   [0;1mSELECT * FROM "accounts" WHERE ("accounts"."id" = 2) [0m
Rendering accounts/show
  [4;35;1mAccount Load (0.5ms)[0m   [0mSELECT * FROM "accounts" WHERE ("accounts"."id" = 2) LIMIT 1[0m
Completed in 15ms (View: 7, DB: 1) | 200 OK [http://localhost/accounts/2]


Processing SessionsController#destroy (for 127.0.0.1 at 2009-03-17 15:02:19) [GET]
Cookie set: auth_token=; path=/; expires=Thu, 01 Jan 1970 00:00:00 GMT
Redirected to /
Completed in 4ms (DB: 0) | 302 Found [http://localhost/logout]


Processing AccountsController#show (for 127.0.0.1 at 2009-03-17 15:02:25) [GET]
  Parameters: {"id"=>"2"}
  [4;36;1mAccount Load (0.5ms)[0m   [0;1mSELECT * FROM "accounts" WHERE ("accounts"."id" = 2) [0m
Rendering accounts/show
Completed in 13ms (View: 6, DB: 0) | 200 OK [http://localhost/accounts/2]


Processing SessionsController#new (for 127.0.0.1 at 2009-04-16 15:14:12) [GET]
Rendering sessions/new
Completed in 6ms (View: 3, DB: 0) | 200 OK [http://localhost/login]


Processing AccountsController#new (for 127.0.0.1 at 2009-04-16 15:14:20) [GET]
Rendering accounts/new
Completed in 13ms (View: 7, DB: 0) | 200 OK [http://localhost/signup]


Processing AccountsController#create (for 127.0.0.1 at 2009-04-16 15:14:46) [POST]
  Parameters: {"commit"=>"Sign up", "authenticity_token"=>"6c2b34086993b706c1718de4e2556af87aacb0ba", "account"=>{"password_confirmation"=>"hogehoge", "password"=>"hogehoge", "login"=>"hoge", "email"=>"arithinwonderland@gmail.com"}}
Cookie set: auth_token=; path=/; expires=Thu, 01 Jan 1970 00:00:00 GMT
  [4;36;1mAccount Exists (0.1ms)[0m   [0;1mSELECT "accounts".id FROM "accounts" WHERE ("accounts"."login" = 'hoge') LIMIT 1[0m
  [4;35;1mAccount Exists (0.1ms)[0m   [0mSELECT "accounts".id FROM "accounts" WHERE ("accounts"."email" = 'arithinwonderland@gmail.com') LIMIT 1[0m
  [4;36;1mCACHE (0.0ms)[0m   [0;1mSELECT "accounts".id FROM "accounts" WHERE ("accounts"."login" = 'hoge') LIMIT 1[0m
  [4;35;1mCACHE (0.0ms)[0m   [0mSELECT "accounts".id FROM "accounts" WHERE ("accounts"."email" = 'arithinwonderland@gmail.com') LIMIT 1[0m
  [4;36;1mAccount Create (0.5ms)[0m   [0;1mINSERT INTO "accounts" ("name", "salt", "created_at", "activated_at", "crypted_password", "remember_token_expires_at", "updated_at", "deleted_at", "activation_code", "remember_token", "login", "email", "state") VALUES('', '04053b6d8d8cc78f06353097cdff80ae606928e6', '2009-04-16 06:14:46', NULL, '8a7e63db552bd54460b88ef05475a372bf4eb553', NULL, '2009-04-16 06:14:46', NULL, '37c2529832b690ece49d203130a56dc93bd8b306', NULL, 'hoge', 'arithinwonderland@gmail.com', 'pending')[0m
Sent mail to arithinwonderland@gmail.com

Date: Thu, 16 Apr 2009 15:14:46 +0900
From: ADMINEMAIL
To: arithinwonderland@gmail.com
Subject: [YOURSITE] Please activate your new account
Mime-Version: 1.0
Content-Type: text/plain; charset=utf-8

Your account has been created.

  Username: hoge
  Password: hogehoge

Visit this url to activate your account:

  http://localhost:3006/activate/37c2529832b690ece49d203130a56dc93bd8b306
  [4;35;1mAccount Exists (0.2ms)[0m   [0mSELECT "accounts".id FROM "accounts" WHERE ("accounts"."login" = 'hoge' AND "accounts".id <> 3) LIMIT 1[0m
  [4;36;1mAccount Exists (0.1ms)[0m   [0;1mSELECT "accounts".id FROM "accounts" WHERE ("accounts"."email" = 'arithinwonderland@gmail.com' AND "accounts".id <> 3) LIMIT 1[0m
Redirected to /
Completed in 976ms (DB: 1) | 302 Found [http://localhost/accounts]


Processing AccountsController#activate (for 127.0.0.1 at 2009-04-16 15:14:57) [GET]
  Parameters: {"activation_code"=>"37c2529832b690ece49d203130a56dc93bd8b306"}
Cookie set: auth_token=; path=/; expires=Thu, 01 Jan 1970 00:00:00 GMT
  [4;35;1mAccount Load (0.3ms)[0m   [0mSELECT * FROM "accounts" WHERE ("accounts"."activation_code" = '37c2529832b690ece49d203130a56dc93bd8b306') LIMIT 1[0m
  [4;36;1mAccount Exists (0.1ms)[0m   [0;1mSELECT "accounts".id FROM "accounts" WHERE ("accounts"."login" = 'hoge' AND "accounts".id <> 3) LIMIT 1[0m
  [4;35;1mAccount Exists (0.1ms)[0m   [0mSELECT "accounts".id FROM "accounts" WHERE ("accounts"."email" = 'arithinwonderland@gmail.com' AND "accounts".id <> 3) LIMIT 1[0m
  [4;36;1mAccount Update (0.4ms)[0m   [0;1mUPDATE "accounts" SET "updated_at" = '2009-04-16 06:14:57', "activated_at" = '2009-04-16 06:14:57', "activation_code" = NULL, "state" = 'active' WHERE "id" = 3[0m
Sent mail to arithinwonderland@gmail.com

Date: Thu, 16 Apr 2009 15:14:57 +0900
From: ADMINEMAIL
To: arithinwonderland@gmail.com
Subject: [YOURSITE] Your account has been activated!
Mime-Version: 1.0
Content-Type: text/plain; charset=utf-8

hoge, your account has been activated.  Welcome aboard!

  http://localhost:3006
Redirected to /login
Completed in 221ms (DB: 1) | 302 Found [http://localhost/activate/37c2529832b690ece49d203130a56dc93bd8b306]


Processing SessionsController#new (for 127.0.0.1 at 2009-04-16 15:14:58) [GET]
Rendering sessions/new
Completed in 3ms (View: 2, DB: 0) | 200 OK [http://localhost/login]


Processing SessionsController#create (for 127.0.0.1 at 2009-04-16 15:15:05) [POST]
  Parameters: {"commit"=>"Log in", "authenticity_token"=>"6c2b34086993b706c1718de4e2556af87aacb0ba", "login"=>"hoge", "password"=>"hogehoge"}
Cookie set: auth_token=; path=/; expires=Thu, 01 Jan 1970 00:00:00 GMT
  [4;35;1mAccount Load (0.6ms)[0m   [0mSELECT * FROM "accounts" WHERE ("accounts"."login" = 'hoge') AND (accounts.state = 'active') LIMIT 1[0m
Cookie set: auth_token=; path=/
Redirected to /
Completed in 6ms (DB: 1) | 302 Found [http://localhost/session]


Processing AccountsController#index (for 127.0.0.1 at 2009-04-16 15:15:18) [GET]
  [4;36;1mAccount Load (0.7ms)[0m   [0;1mSELECT * FROM "accounts" [0m
Rendering accounts/index
Completed in 8ms (View: 5, DB: 1) | 200 OK [http://localhost/accounts]


Processing AccountsController#show (for 127.0.0.1 at 2009-04-16 15:15:28) [GET]
  Parameters: {"id"=>"1"}
  [4;35;1mAccount Load (0.2ms)[0m   [0mSELECT * FROM "accounts" WHERE ("accounts"."id" = 1) [0m
Rendering accounts/show
  [4;36;1mAccount Load (0.3ms)[0m   [0;1mSELECT * FROM "accounts" WHERE ("accounts"."id" = 3) LIMIT 1[0m
Completed in 9ms (View: 5, DB: 1) | 200 OK [http://localhost/accounts/1]


Processing SessionsController#destroy (for 127.0.0.1 at 2009-04-16 15:15:51) [GET]
Cookie set: auth_token=; path=/; expires=Thu, 01 Jan 1970 00:00:00 GMT
Redirected to /
Completed in 2ms (DB: 0) | 302 Found [http://localhost/logout]


Processing AccountsController#index (for 127.0.0.1 at 2009-04-16 15:15:54) [GET]
  [4;35;1mAccount Load (0.7ms)[0m   [0mSELECT * FROM "accounts" [0m
Rendering accounts/index
Completed in 8ms (View: 5, DB: 1) | 200 OK [http://localhost/accounts]


Processing AccountsController#show (for 127.0.0.1 at 2009-04-16 15:15:57) [GET]
  Parameters: {"id"=>"2"}
  [4;36;1mAccount Load (0.3ms)[0m   [0;1mSELECT * FROM "accounts" WHERE ("accounts"."id" = 2) [0m
Rendering accounts/show
Completed in 7ms (View: 3, DB: 0) | 200 OK [http://localhost/accounts/2]


Processing ApplicationController#index (for 127.0.0.1 at 2009-04-16 15:15:59) [GET]


ActionController::RoutingError (No route matches "/talents/new/2" with {:method=>:get}):
    /opt/local/lib/ruby/gems/1.8/gems/actionpack-2.2.2/lib/action_controller/routing/recognition_optimisation.rb:66:in `recognize_path'
    /opt/local/lib/ruby/gems/1.8/gems/actionpack-2.2.2/lib/action_controller/routing/route_set.rb:386:in `recognize'
    /opt/local/lib/ruby/gems/1.8/gems/actionpack-2.2.2/lib/action_controller/dispatcher.rb:182:in `handle_request'
    /opt/local/lib/ruby/gems/1.8/gems/actionpack-2.2.2/lib/action_controller/dispatcher.rb:110:in `dispatch_unlocked'
    /opt/local/lib/ruby/gems/1.8/gems/actionpack-2.2.2/lib/action_controller/dispatcher.rb:123:in `dispatch'
    /opt/local/lib/ruby/gems/1.8/gems/actionpack-2.2.2/lib/action_controller/dispatcher.rb:122:in `synchronize'
    /opt/local/lib/ruby/gems/1.8/gems/actionpack-2.2.2/lib/action_controller/dispatcher.rb:122:in `dispatch'
    /opt/local/lib/ruby/gems/1.8/gems/actionpack-2.2.2/lib/action_controller/dispatcher.rb:132:in `dispatch_cgi'
    /opt/local/lib/ruby/gems/1.8/gems/actionpack-2.2.2/lib/action_controller/dispatcher.rb:39:in `dispatch'
    /opt/local/lib/ruby/gems/1.8/gems/mongrel-1.1.5/bin/../lib/mongrel/rails.rb:76:in `process'
    /opt/local/lib/ruby/gems/1.8/gems/mongrel-1.1.5/bin/../lib/mongrel/rails.rb:74:in `synchronize'
    /opt/local/lib/ruby/gems/1.8/gems/mongrel-1.1.5/bin/../lib/mongrel/rails.rb:74:in `process'
    /opt/local/lib/ruby/gems/1.8/gems/mongrel-1.1.5/lib/mongrel.rb:159:in `process_client'
    /opt/local/lib/ruby/gems/1.8/gems/mongrel-1.1.5/lib/mongrel.rb:158:in `each'
    /opt/local/lib/ruby/gems/1.8/gems/mongrel-1.1.5/lib/mongrel.rb:158:in `process_client'
    /opt/local/lib/ruby/gems/1.8/gems/mongrel-1.1.5/lib/mongrel.rb:285:in `run'
    /opt/local/lib/ruby/gems/1.8/gems/mongrel-1.1.5/lib/mongrel.rb:285:in `initialize'
    /opt/local/lib/ruby/gems/1.8/gems/mongrel-1.1.5/lib/mongrel.rb:285:in `new'
    /opt/local/lib/ruby/gems/1.8/gems/mongrel-1.1.5/lib/mongrel.rb:285:in `run'
    /opt/local/lib/ruby/gems/1.8/gems/mongrel-1.1.5/lib/mongrel.rb:268:in `initialize'
    /opt/local/lib/ruby/gems/1.8/gems/mongrel-1.1.5/lib/mongrel.rb:268:in `new'
    /opt/local/lib/ruby/gems/1.8/gems/mongrel-1.1.5/lib/mongrel.rb:268:in `run'
    /opt/local/lib/ruby/gems/1.8/gems/mongrel-1.1.5/lib/mongrel/configurator.rb:282:in `run'
    /opt/local/lib/ruby/gems/1.8/gems/mongrel-1.1.5/lib/mongrel/configurator.rb:281:in `each'
    /opt/local/lib/ruby/gems/1.8/gems/mongrel-1.1.5/lib/mongrel/configurator.rb:281:in `run'
    /opt/local/lib/ruby/gems/1.8/gems/mongrel-1.1.5/bin/mongrel_rails:128:in `run'
    /opt/local/lib/ruby/gems/1.8/gems/mongrel-1.1.5/lib/mongrel/command.rb:212:in `run'
    /opt/local/lib/ruby/gems/1.8/gems/mongrel-1.1.5/bin/mongrel_rails:281
    /opt/local/lib/ruby/gems/1.8/gems/activesupport-2.2.2/lib/active_support/dependencies.rb:142:in `load_without_new_constant_marking'
    /opt/local/lib/ruby/gems/1.8/gems/activesupport-2.2.2/lib/active_support/dependencies.rb:142:in `load'
    /opt/local/lib/ruby/gems/1.8/gems/activesupport-2.2.2/lib/active_support/dependencies.rb:521:in `new_constants_in'
    /opt/local/lib/ruby/gems/1.8/gems/activesupport-2.2.2/lib/active_support/dependencies.rb:142:in `load'
    /opt/local/lib/ruby/gems/1.8/gems/rails-2.2.2/lib/commands/servers/mongrel.rb:64
    /opt/local/lib/ruby/vendor_ruby/1.8/rubygems/custom_require.rb:31:in `gem_original_require'
    /opt/local/lib/ruby/vendor_ruby/1.8/rubygems/custom_require.rb:31:in `require'
    /opt/local/lib/ruby/gems/1.8/gems/activesupport-2.2.2/lib/active_support/dependencies.rb:153:in `require'
    /opt/local/lib/ruby/gems/1.8/gems/activesupport-2.2.2/lib/active_support/dependencies.rb:521:in `new_constants_in'
    /opt/local/lib/ruby/gems/1.8/gems/activesupport-2.2.2/lib/active_support/dependencies.rb:153:in `require'
    /opt/local/lib/ruby/gems/1.8/gems/rails-2.2.2/lib/commands/server.rb:49
    /opt/local/lib/ruby/vendor_ruby/1.8/rubygems/custom_require.rb:31:in `gem_original_require'
    /opt/local/lib/ruby/vendor_ruby/1.8/rubygems/custom_require.rb:31:in `require'
    ./script/server:3
    -e:2:in `load'
    -e:2

Rendering /opt/local/lib/ruby/gems/1.8/gems/actionpack-2.2.2/lib/action_controller/templates/rescues/layout.erb (not_found)


Processing ApplicationController#index (for 127.0.0.1 at 2009-04-16 15:16:02) [GET]
  Parameters: {"account_id"=>"2"}


ActionController::RoutingError (No route matches "/talents" with {:method=>:get}):
    /opt/local/lib/ruby/gems/1.8/gems/actionpack-2.2.2/lib/action_controller/routing/recognition_optimisation.rb:66:in `recognize_path'
    /opt/local/lib/ruby/gems/1.8/gems/actionpack-2.2.2/lib/action_controller/routing/route_set.rb:386:in `recognize'
    /opt/local/lib/ruby/gems/1.8/gems/actionpack-2.2.2/lib/action_controller/dispatcher.rb:182:in `handle_request'
    /opt/local/lib/ruby/gems/1.8/gems/actionpack-2.2.2/lib/action_controller/dispatcher.rb:110:in `dispatch_unlocked'
    /opt/local/lib/ruby/gems/1.8/gems/actionpack-2.2.2/lib/action_controller/dispatcher.rb:123:in `dispatch'
    /opt/local/lib/ruby/gems/1.8/gems/actionpack-2.2.2/lib/action_controller/dispatcher.rb:122:in `synchronize'
    /opt/local/lib/ruby/gems/1.8/gems/actionpack-2.2.2/lib/action_controller/dispatcher.rb:122:in `dispatch'
    /opt/local/lib/ruby/gems/1.8/gems/actionpack-2.2.2/lib/action_controller/dispatcher.rb:132:in `dispatch_cgi'
    /opt/local/lib/ruby/gems/1.8/gems/actionpack-2.2.2/lib/action_controller/dispatcher.rb:39:in `dispatch'
    /opt/local/lib/ruby/gems/1.8/gems/mongrel-1.1.5/bin/../lib/mongrel/rails.rb:76:in `process'
    /opt/local/lib/ruby/gems/1.8/gems/mongrel-1.1.5/bin/../lib/mongrel/rails.rb:74:in `synchronize'
    /opt/local/lib/ruby/gems/1.8/gems/mongrel-1.1.5/bin/../lib/mongrel/rails.rb:74:in `process'
    /opt/local/lib/ruby/gems/1.8/gems/mongrel-1.1.5/lib/mongrel.rb:159:in `process_client'
    /opt/local/lib/ruby/gems/1.8/gems/mongrel-1.1.5/lib/mongrel.rb:158:in `each'
    /opt/local/lib/ruby/gems/1.8/gems/mongrel-1.1.5/lib/mongrel.rb:158:in `process_client'
    /opt/local/lib/ruby/gems/1.8/gems/mongrel-1.1.5/lib/mongrel.rb:285:in `run'
    /opt/local/lib/ruby/gems/1.8/gems/mongrel-1.1.5/lib/mongrel.rb:285:in `initialize'
    /opt/local/lib/ruby/gems/1.8/gems/mongrel-1.1.5/lib/mongrel.rb:285:in `new'
    /opt/local/lib/ruby/gems/1.8/gems/mongrel-1.1.5/lib/mongrel.rb:285:in `run'
    /opt/local/lib/ruby/gems/1.8/gems/mongrel-1.1.5/lib/mongrel.rb:268:in `initialize'
    /opt/local/lib/ruby/gems/1.8/gems/mongrel-1.1.5/lib/mongrel.rb:268:in `new'
    /opt/local/lib/ruby/gems/1.8/gems/mongrel-1.1.5/lib/mongrel.rb:268:in `run'
    /opt/local/lib/ruby/gems/1.8/gems/mongrel-1.1.5/lib/mongrel/configurator.rb:282:in `run'
    /opt/local/lib/ruby/gems/1.8/gems/mongrel-1.1.5/lib/mongrel/configurator.rb:281:in `each'
    /opt/local/lib/ruby/gems/1.8/gems/mongrel-1.1.5/lib/mongrel/configurator.rb:281:in `run'
    /opt/local/lib/ruby/gems/1.8/gems/mongrel-1.1.5/bin/mongrel_rails:128:in `run'
    /opt/local/lib/ruby/gems/1.8/gems/mongrel-1.1.5/lib/mongrel/command.rb:212:in `run'
    /opt/local/lib/ruby/gems/1.8/gems/mongrel-1.1.5/bin/mongrel_rails:281
    /opt/local/lib/ruby/gems/1.8/gems/activesupport-2.2.2/lib/active_support/dependencies.rb:142:in `load_without_new_constant_marking'
    /opt/local/lib/ruby/gems/1.8/gems/activesupport-2.2.2/lib/active_support/dependencies.rb:142:in `load'
    /opt/local/lib/ruby/gems/1.8/gems/activesupport-2.2.2/lib/active_support/dependencies.rb:521:in `new_constants_in'
    /opt/local/lib/ruby/gems/1.8/gems/activesupport-2.2.2/lib/active_support/dependencies.rb:142:in `load'
    /opt/local/lib/ruby/gems/1.8/gems/rails-2.2.2/lib/commands/servers/mongrel.rb:64
    /opt/local/lib/ruby/vendor_ruby/1.8/rubygems/custom_require.rb:31:in `gem_original_require'
    /opt/local/lib/ruby/vendor_ruby/1.8/rubygems/custom_require.rb:31:in `require'
    /opt/local/lib/ruby/gems/1.8/gems/activesupport-2.2.2/lib/active_support/dependencies.rb:153:in `require'
    /opt/local/lib/ruby/gems/1.8/gems/activesupport-2.2.2/lib/active_support/dependencies.rb:521:in `new_constants_in'
    /opt/local/lib/ruby/gems/1.8/gems/activesupport-2.2.2/lib/active_support/dependencies.rb:153:in `require'
    /opt/local/lib/ruby/gems/1.8/gems/rails-2.2.2/lib/commands/server.rb:49
    /opt/local/lib/ruby/vendor_ruby/1.8/rubygems/custom_require.rb:31:in `gem_original_require'
    /opt/local/lib/ruby/vendor_ruby/1.8/rubygems/custom_require.rb:31:in `require'
    ./script/server:3
    -e:2:in `load'
    -e:2

Rendering /opt/local/lib/ruby/gems/1.8/gems/actionpack-2.2.2/lib/action_controller/templates/rescues/layout.erb (not_found)


Processing ApplicationController#index (for 127.0.0.1 at 2009-04-16 15:16:04) [GET]
  Parameters: {"account_id"=>"2"}


ActionController::RoutingError (No route matches "/user_infos/show" with {:method=>:get}):
    /opt/local/lib/ruby/gems/1.8/gems/actionpack-2.2.2/lib/action_controller/routing/recognition_optimisation.rb:66:in `recognize_path'
    /opt/local/lib/ruby/gems/1.8/gems/actionpack-2.2.2/lib/action_controller/routing/route_set.rb:386:in `recognize'
    /opt/local/lib/ruby/gems/1.8/gems/actionpack-2.2.2/lib/action_controller/dispatcher.rb:182:in `handle_request'
    /opt/local/lib/ruby/gems/1.8/gems/actionpack-2.2.2/lib/action_controller/dispatcher.rb:110:in `dispatch_unlocked'
    /opt/local/lib/ruby/gems/1.8/gems/actionpack-2.2.2/lib/action_controller/dispatcher.rb:123:in `dispatch'
    /opt/local/lib/ruby/gems/1.8/gems/actionpack-2.2.2/lib/action_controller/dispatcher.rb:122:in `synchronize'
    /opt/local/lib/ruby/gems/1.8/gems/actionpack-2.2.2/lib/action_controller/dispatcher.rb:122:in `dispatch'
    /opt/local/lib/ruby/gems/1.8/gems/actionpack-2.2.2/lib/action_controller/dispatcher.rb:132:in `dispatch_cgi'
    /opt/local/lib/ruby/gems/1.8/gems/actionpack-2.2.2/lib/action_controller/dispatcher.rb:39:in `dispatch'
    /opt/local/lib/ruby/gems/1.8/gems/mongrel-1.1.5/bin/../lib/mongrel/rails.rb:76:in `process'
    /opt/local/lib/ruby/gems/1.8/gems/mongrel-1.1.5/bin/../lib/mongrel/rails.rb:74:in `synchronize'
    /opt/local/lib/ruby/gems/1.8/gems/mongrel-1.1.5/bin/../lib/mongrel/rails.rb:74:in `process'
    /opt/local/lib/ruby/gems/1.8/gems/mongrel-1.1.5/lib/mongrel.rb:159:in `process_client'
    /opt/local/lib/ruby/gems/1.8/gems/mongrel-1.1.5/lib/mongrel.rb:158:in `each'
    /opt/local/lib/ruby/gems/1.8/gems/mongrel-1.1.5/lib/mongrel.rb:158:in `process_client'
    /opt/local/lib/ruby/gems/1.8/gems/mongrel-1.1.5/lib/mongrel.rb:285:in `run'
    /opt/local/lib/ruby/gems/1.8/gems/mongrel-1.1.5/lib/mongrel.rb:285:in `initialize'
    /opt/local/lib/ruby/gems/1.8/gems/mongrel-1.1.5/lib/mongrel.rb:285:in `new'
    /opt/local/lib/ruby/gems/1.8/gems/mongrel-1.1.5/lib/mongrel.rb:285:in `run'
    /opt/local/lib/ruby/gems/1.8/gems/mongrel-1.1.5/lib/mongrel.rb:268:in `initialize'
    /opt/local/lib/ruby/gems/1.8/gems/mongrel-1.1.5/lib/mongrel.rb:268:in `new'
    /opt/local/lib/ruby/gems/1.8/gems/mongrel-1.1.5/lib/mongrel.rb:268:in `run'
    /opt/local/lib/ruby/gems/1.8/gems/mongrel-1.1.5/lib/mongrel/configurator.rb:282:in `run'
    /opt/local/lib/ruby/gems/1.8/gems/mongrel-1.1.5/lib/mongrel/configurator.rb:281:in `each'
    /opt/local/lib/ruby/gems/1.8/gems/mongrel-1.1.5/lib/mongrel/configurator.rb:281:in `run'
    /opt/local/lib/ruby/gems/1.8/gems/mongrel-1.1.5/bin/mongrel_rails:128:in `run'
    /opt/local/lib/ruby/gems/1.8/gems/mongrel-1.1.5/lib/mongrel/command.rb:212:in `run'
    /opt/local/lib/ruby/gems/1.8/gems/mongrel-1.1.5/bin/mongrel_rails:281
    /opt/local/lib/ruby/gems/1.8/gems/activesupport-2.2.2/lib/active_support/dependencies.rb:142:in `load_without_new_constant_marking'
    /opt/local/lib/ruby/gems/1.8/gems/activesupport-2.2.2/lib/active_support/dependencies.rb:142:in `load'
    /opt/local/lib/ruby/gems/1.8/gems/activesupport-2.2.2/lib/active_support/dependencies.rb:521:in `new_constants_in'
    /opt/local/lib/ruby/gems/1.8/gems/activesupport-2.2.2/lib/active_support/dependencies.rb:142:in `load'
    /opt/local/lib/ruby/gems/1.8/gems/rails-2.2.2/lib/commands/servers/mongrel.rb:64
    /opt/local/lib/ruby/vendor_ruby/1.8/rubygems/custom_require.rb:31:in `gem_original_require'
    /opt/local/lib/ruby/vendor_ruby/1.8/rubygems/custom_require.rb:31:in `require'
    /opt/local/lib/ruby/gems/1.8/gems/activesupport-2.2.2/lib/active_support/dependencies.rb:153:in `require'
    /opt/local/lib/ruby/gems/1.8/gems/activesupport-2.2.2/lib/active_support/dependencies.rb:521:in `new_constants_in'
    /opt/local/lib/ruby/gems/1.8/gems/activesupport-2.2.2/lib/active_support/dependencies.rb:153:in `require'
    /opt/local/lib/ruby/gems/1.8/gems/rails-2.2.2/lib/commands/server.rb:49
    /opt/local/lib/ruby/vendor_ruby/1.8/rubygems/custom_require.rb:31:in `gem_original_require'
    /opt/local/lib/ruby/vendor_ruby/1.8/rubygems/custom_require.rb:31:in `require'
    ./script/server:3
    -e:2:in `load'
    -e:2

Rendering /opt/local/lib/ruby/gems/1.8/gems/actionpack-2.2.2/lib/action_controller/templates/rescues/layout.erb (not_found)
